<?xml version="1.0" encoding="UTF-8"?>
<persistence xmlns="http://java.sun.com/xml/ns/persistence"
             xmlns:xsi="http://www.w3.org/2001/XMLSchema-instance"
             xsi:schemaLocation="http://java.sun.com/xml/ns/persistence http://java.sun.com/xml/ns/persistence/persistence_1_0.xsd"
             version="1.0">

   <!--

   		resources/META-INF/persistence.xml.tmpl should be the only place you change anything
   		any of persistence.*.xml. After changing it, "ant configure"
   		copies it to all places it is needed.

   -->

   <persistence-unit name="phrs_storage">
      <provider>org.hibernate.ejb.HibernatePersistence</provider>
      <jta-data-source>java:/phrs-Datasource</jta-data-source>
      <properties>
         <property name="hibernate.dialect" value="org.hibernate.dialect.PostgreSQLDialect"/>

         <!-- valid values are validate, update, create, create-drop -->
         <property name="hibernate.hbm2ddl.auto" value="update"/>
         <property name="hibernate.show_sql" value="true"/>
         <property name="hibernate.format_sql" value="true"/>
         <property name="jboss.entity.manager.factory.jndi.name" value="java:/KiWiEntityManagerFactory"/>
         <property name="hibernate.jdbc.fetch_size" value="30"/>
         <property name="hibernate.jdbc.batch_size" value="30"/>
		 <property name="hibernate.default_batch_fetch_size" value="16" />
         <property name="hibernate.max_fetch_depth" value="3" />

         <!-- Without this statement seem Hibernate to come to "Cannot open connection" state at peak times (e.g. test) -->
         <property name="hibernate.connection.release_mode" value="after_statement" />

       </properties>
   </persistence-unit>

</persistence>
