<?xml version="1.0" encoding="UTF-8" ?>
<testsuite failures="0" time="0.025" errors="0" skipped="0" tests="1" name="at.srfg.kmt.ehealth.phrs.AppTest">
  <properties>
    <property name="java.runtime.name" value="Java(TM) SE Runtime Environment"/>
    <property name="sun.boot.library.path" value="/System/Library/Java/JavaVirtualMachines/1.6.0.jdk/Contents/Libraries"/>
    <property name="java.vm.version" value="17.1-b03-307"/>
    <property name="awt.nativeDoubleBuffering" value="true"/>
    <property name="gopherProxySet" value="false"/>
    <property name="mrj.build" value="10M3261"/>
    <property name="java.vm.vendor" value="Apple Inc."/>
    <property name="java.vendor.url" value="http://www.apple.com/"/>
    <property name="path.separator" value=":"/>
    <property name="java.vm.name" value="Java HotSpot(TM) 64-Bit Server VM"/>
    <property name="file.encoding.pkg" value="sun.io"/>
    <property name="user.country" value="US"/>
    <property name="sun.java.launcher" value="SUN_STANDARD"/>
    <property name="sun.os.patch.level" value="unknown"/>
    <property name="java.vm.specification.name" value="Java Virtual Machine Specification"/>
    <property name="user.dir" value="/Volumes/Data/lab0/playground/icardea/phrs-modules/messaging"/>
    <property name="java.runtime.version" value="1.6.0_22-b04-307-10M3261"/>
    <property name="java.awt.graphicsenv" value="apple.awt.CGraphicsEnvironment"/>
    <property name="basedir" value="/Volumes/Data/lab0/playground/icardea/phrs-modules/messaging"/>
    <property name="java.endorsed.dirs" value="/System/Library/Java/JavaVirtualMachines/1.6.0.jdk/Contents/Home/lib/endorsed"/>
    <property name="os.arch" value="x86_64"/>
    <property name="surefire.real.class.path" value="/var/folders/lu/lu9No3cZG-ewyEzsQ1Mbr+++03U/-Tmp-/surefirebooter5455483706524699915.jar"/>
    <property name="java.io.tmpdir" value="/var/folders/lu/lu9No3cZG-ewyEzsQ1Mbr+++03U/-Tmp-/"/>
    <property name="line.separator" value="
"/>
    <property name="java.vm.specification.vendor" value="Sun Microsystems Inc."/>
    <property name="os.name" value="Mac OS X"/>
    <property name="sun.jnu.encoding" value="MacRoman"/>
    <property name="java.library.path" value=".:/Library/Java/Extensions:/System/Library/Java/Extensions:/usr/lib/java"/>
    <property name="surefire.test.class.path" value="/Volumes/Data/lab0/playground/icardea/phrs-modules/messaging/target/test-classes:/Volumes/Data/lab0/playground/icardea/phrs-modules/messaging/target/classes:/Users/mradules/.m2/repository/org/apache/felix/org.osgi.core/1.2.0/org.osgi.core-1.2.0.jar:/Users/mradules/.m2/repository/junit/junit/4.8.2/junit-4.8.2.jar:/Users/mradules/.m2/repository/org/apache/activemq/activemq-pool/5.3.2/activemq-pool-5.3.2.jar:/Users/mradules/.m2/repository/commons-logging/commons-logging-api/1.1/commons-logging-api-1.1.jar:/Users/mradules/.m2/repository/org/apache/activemq/activemq-core/5.3.2/activemq-core-5.3.2.jar:/Users/mradules/.m2/repository/org/apache/geronimo/specs/geronimo-jms_1.1_spec/1.1.1/geronimo-jms_1.1_spec-1.1.1.jar:/Users/mradules/.m2/repository/org/apache/activemq/activeio-core/3.1.2/activeio-core-3.1.2.jar:/Users/mradules/.m2/repository/org/apache/geronimo/specs/geronimo-j2ee-management_1.1_spec/1.0.1/geronimo-j2ee-management_1.1_spec-1.0.1.jar:/Users/mradules/.m2/repository/commons-logging/commons-logging/1.1.1/commons-logging-1.1.1.jar:/Users/mradules/.m2/repository/javax/servlet/servlet-api/2.5/servlet-api-2.5.jar:/Users/mradules/.m2/repository/org/apache/activemq/kahadb/5.3.2/kahadb-5.3.2.jar:/Users/mradules/.m2/repository/org/apache/activemq/protobuf/activemq-protobuf/1.0/activemq-protobuf-1.0.jar:/Users/mradules/.m2/repository/org/osgi/org.osgi.core/4.1.0/org.osgi.core-4.1.0.jar:/Users/mradules/.m2/repository/org/springframework/osgi/spring-osgi-core/1.2.1/spring-osgi-core-1.2.1.jar:/Users/mradules/.m2/repository/org/springframework/osgi/spring-osgi-io/1.2.1/spring-osgi-io-1.2.1.jar:/Users/mradules/.m2/repository/org/apache/geronimo/specs/geronimo-j2ee-management_1.0_spec/1.0/geronimo-j2ee-management_1.0_spec-1.0.jar:/Users/mradules/.m2/repository/org/springframework/spring-context/3.0.3.RELEASE/spring-context-3.0.3.RELEASE.jar:/Users/mradules/.m2/repository/org/springframework/spring-beans/2.5.6/spring-beans-2.5.6.jar:/Users/mradules/.m2/repository/org/springframework/spring-core/3.0.3.RELEASE/spring-core-3.0.3.RELEASE.jar:/Users/mradules/.m2/repository/commons-net/commons-net/2.0/commons-net-2.0.jar:/Users/mradules/.m2/repository/org/apache/geronimo/specs/geronimo-jta_1.0.1B_spec/1.0.1/geronimo-jta_1.0.1B_spec-1.0.1.jar:/Users/mradules/.m2/repository/commons-pool/commons-pool/1.5.4/commons-pool-1.5.4.jar:/Users/mradules/.m2/repository/org/apache/camel/camel-jetty/2.4.0/camel-jetty-2.4.0.jar:/Users/mradules/.m2/repository/org/apache/camel/camel-core/2.4.0/camel-core-2.4.0.jar:/Users/mradules/.m2/repository/org/fusesource/commonman/commons-management/1.0/commons-management-1.0.jar:/Users/mradules/.m2/repository/org/apache/camel/camel-http/2.4.0/camel-http-2.4.0.jar:/Users/mradules/.m2/repository/org/apache/geronimo/specs/geronimo-servlet_2.4_spec/1.1.1/geronimo-servlet_2.4_spec-1.1.1.jar:/Users/mradules/.m2/repository/commons-httpclient/commons-httpclient/3.1/commons-httpclient-3.1.jar:/Users/mradules/.m2/repository/commons-codec/commons-codec/1.3/commons-codec-1.3.jar:/Users/mradules/.m2/repository/org/eclipse/jetty/jetty-server/7.1.4.v20100610/jetty-server-7.1.4.v20100610.jar:/Users/mradules/.m2/repository/org/eclipse/jetty/jetty-continuation/7.1.4.v20100610/jetty-continuation-7.1.4.v20100610.jar:/Users/mradules/.m2/repository/org/eclipse/jetty/jetty-http/7.1.4.v20100610/jetty-http-7.1.4.v20100610.jar:/Users/mradules/.m2/repository/org/eclipse/jetty/jetty-io/7.1.4.v20100610/jetty-io-7.1.4.v20100610.jar:/Users/mradules/.m2/repository/org/eclipse/jetty/jetty-util/7.1.4.v20100610/jetty-util-7.1.4.v20100610.jar:/Users/mradules/.m2/repository/org/eclipse/jetty/jetty-security/7.1.4.v20100610/jetty-security-7.1.4.v20100610.jar:/Users/mradules/.m2/repository/org/eclipse/jetty/jetty-servlet/7.1.4.v20100610/jetty-servlet-7.1.4.v20100610.jar:/Users/mradules/.m2/repository/org/eclipse/jetty/jetty-servlets/7.1.4.v20100610/jetty-servlets-7.1.4.v20100610.jar:/Users/mradules/.m2/repository/org/eclipse/jetty/jetty-client/7.1.4.v20100610/jetty-client-7.1.4.v20100610.jar:/Users/mradules/.m2/repository/org/eclipse/jetty/jetty-jmx/7.1.4.v20100610/jetty-jmx-7.1.4.v20100610.jar:/Users/mradules/.m2/repository/org/eclipse/jetty/jetty-webapp/7.1.4.v20100610/jetty-webapp-7.1.4.v20100610.jar:/Users/mradules/.m2/repository/org/eclipse/jetty/jetty-xml/7.1.4.v20100610/jetty-xml-7.1.4.v20100610.jar:/Users/mradules/.m2/repository/org/apache/camel/camel-gae/2.4.0/camel-gae-2.4.0.jar:/Users/mradules/.m2/repository/org/apache/camel/camel-servlet/2.4.0/camel-servlet-2.4.0.jar:/Users/mradules/.m2/repository/org/apache/camel/camel-spring/2.4.0/camel-spring-2.4.0.jar:/Users/mradules/.m2/repository/org/springframework/spring-aop/3.0.3.RELEASE/spring-aop-3.0.3.RELEASE.jar:/Users/mradules/.m2/repository/org/springframework/spring-asm/3.0.3.RELEASE/spring-asm-3.0.3.RELEASE.jar:/Users/mradules/.m2/repository/org/springframework/spring-tx/3.0.3.RELEASE/spring-tx-3.0.3.RELEASE.jar:/Users/mradules/.m2/repository/com/google/appengine/appengine-api-1.0-sdk/1.3.2/appengine-api-1.0-sdk-1.3.2.jar:/Users/mradules/.m2/repository/com/google/appengine/appengine-api-labs/1.3.2/appengine-api-labs-1.3.2.jar:/Users/mradules/.m2/repository/com/google/gdata/gdata-core/1.41.1/gdata-core-1.41.1.jar:/Users/mradules/.m2/repository/commons-io/commons-io/1.3.2/commons-io-1.3.2.jar:/Users/mradules/.m2/repository/com/google/appengine/appengine-api-stubs/1.3.2/appengine-api-stubs-1.3.2.jar:/Users/mradules/.m2/repository/com/google/appengine/appengine-testing/1.3.2/appengine-testing-1.3.2.jar:/Users/mradules/.m2/repository/org/apache/camel/camel-jackson/2.4.0/camel-jackson-2.4.0.jar:/Users/mradules/.m2/repository/org/codehaus/jackson/jackson-mapper-asl/1.5.4/jackson-mapper-asl-1.5.4.jar:/Users/mradules/.m2/repository/org/codehaus/jackson/jackson-core-asl/1.5.4/jackson-core-asl-1.5.4.jar:/Users/mradules/.m2/repository/org/apache/camel/camel-test/2.4.0/camel-test-2.4.0.jar:/Users/mradules/.m2/repository/org/apache/camel/camel-cxf/2.4.0/camel-cxf-2.4.0.jar:/Users/mradules/.m2/repository/org/apache/cxf/cxf-rt-frontend-jaxrs/2.2.9/cxf-rt-frontend-jaxrs-2.2.9.jar:/Users/mradules/.m2/repository/org/apache/cxf/cxf-common-utilities/2.2.9/cxf-common-utilities-2.2.9.jar:/Users/mradules/.m2/repository/org/apache/geronimo/specs/geronimo-annotation_1.0_spec/1.1.1/geronimo-annotation_1.0_spec-1.1.1.jar:/Users/mradules/.m2/repository/javax/xml/bind/jaxb-api/2.1/jaxb-api-2.1.jar:/Users/mradules/.m2/repository/org/apache/geronimo/specs/geronimo-stax-api_1.0_spec/1.0.1/geronimo-stax-api_1.0_spec-1.0.1.jar:/Users/mradules/.m2/repository/wsdl4j/wsdl4j/1.6.2/wsdl4j-1.6.2.jar:/Users/mradules/.m2/repository/org/apache/ws/commons/schema/XmlSchema/1.4.5/XmlSchema-1.4.5.jar:/Users/mradules/.m2/repository/commons-lang/commons-lang/2.4/commons-lang-2.4.jar:/Users/mradules/.m2/repository/org/apache/cxf/cxf-api/2.2.9/cxf-api-2.2.9.jar:/Users/mradules/.m2/repository/org/apache/geronimo/specs/geronimo-activation_1.1_spec/1.0.2/geronimo-activation_1.1_spec-1.0.2.jar:/Users/mradules/.m2/repository/org/codehaus/woodstox/wstx-asl/3.2.9/wstx-asl-3.2.9.jar:/Users/mradules/.m2/repository/org/apache/neethi/neethi/2.0.4/neethi-2.0.4.jar:/Users/mradules/.m2/repository/org/apache/cxf/cxf-common-schemas/2.2.9/cxf-common-schemas-2.2.9.jar:/Users/mradules/.m2/repository/org/apache/cxf/cxf-rt-core/2.2.9/cxf-rt-core-2.2.9.jar:/Users/mradules/.m2/repository/com/sun/xml/bind/jaxb-impl/2.1.13/jaxb-impl-2.1.13.jar:/Users/mradules/.m2/repository/org/apache/geronimo/specs/geronimo-javamail_1.4_spec/1.6/geronimo-javamail_1.4_spec-1.6.jar:/Users/mradules/.m2/repository/javax/ws/rs/jsr311-api/1.0/jsr311-api-1.0.jar:/Users/mradules/.m2/repository/org/apache/cxf/cxf-rt-bindings-xml/2.2.9/cxf-rt-bindings-xml-2.2.9.jar:/Users/mradules/.m2/repository/org/apache/cxf/cxf-rt-transports-http/2.2.9/cxf-rt-transports-http-2.2.9.jar:/Users/mradules/.m2/repository/org/springframework/spring-web/2.5.6/spring-web-2.5.6.jar:/Users/mradules/.m2/repository/org/apache/cxf/cxf-rt-databinding-aegis/2.2.9/cxf-rt-databinding-aegis-2.2.9.jar:/Users/mradules/.m2/repository/org/apache/abdera/abdera-core/1.0/abdera-core-1.0.jar:/Users/mradules/.m2/repository/org/apache/abdera/abdera-i18n/1.0/abdera-i18n-1.0.jar:/Users/mradules/.m2/repository/org/apache/abdera/abdera-parser/1.0/abdera-parser-1.0.jar:/Users/mradules/.m2/repository/org/apache/ws/commons/axiom/axiom-impl/1.2.5/axiom-impl-1.2.5.jar:/Users/mradules/.m2/repository/org/apache/ws/commons/axiom/axiom-api/1.2.5/axiom-api-1.2.5.jar:/Users/mradules/.m2/repository/jaxen/jaxen/1.1.1/jaxen-1.1.1.jar:/Users/mradules/.m2/repository/org/apache/abdera/abdera-extensions-json/1.0/abdera-extensions-json-1.0.jar:/Users/mradules/.m2/repository/org/apache/abdera/abdera-extensions-main/1.0/abdera-extensions-main-1.0.jar:/Users/mradules/.m2/repository/org/codehaus/jettison/jettison/1.2/jettison-1.2.jar:/Users/mradules/.m2/repository/org/apache/xmlbeans/xmlbeans/2.4.0/xmlbeans-2.4.0.jar:/Users/mradules/.m2/repository/org/apache/cxf/cxf-rt-frontend-jaxws/2.2.9/cxf-rt-frontend-jaxws-2.2.9.jar:/Users/mradules/.m2/repository/xml-resolver/xml-resolver/1.2/xml-resolver-1.2.jar:/Users/mradules/.m2/repository/org/apache/geronimo/specs/geronimo-jaxws_2.1_spec/1.0/geronimo-jaxws_2.1_spec-1.0.jar:/Users/mradules/.m2/repository/org/apache/geronimo/specs/geronimo-ws-metadata_2.0_spec/1.1.2/geronimo-ws-metadata_2.0_spec-1.1.2.jar:/Users/mradules/.m2/repository/asm/asm/2.2.3/asm-2.2.3.jar:/Users/mradules/.m2/repository/org/apache/cxf/cxf-rt-bindings-soap/2.2.9/cxf-rt-bindings-soap-2.2.9.jar:/Users/mradules/.m2/repository/org/apache/cxf/cxf-tools-common/2.2.9/cxf-tools-common-2.2.9.jar:/Users/mradules/.m2/repository/javax/xml/soap/saaj-api/1.3/saaj-api-1.3.jar:/Users/mradules/.m2/repository/org/apache/cxf/cxf-rt-databinding-jaxb/2.2.9/cxf-rt-databinding-jaxb-2.2.9.jar:/Users/mradules/.m2/repository/org/apache/cxf/cxf-rt-frontend-simple/2.2.9/cxf-rt-frontend-simple-2.2.9.jar:/Users/mradules/.m2/repository/org/apache/cxf/cxf-rt-ws-addr/2.2.9/cxf-rt-ws-addr-2.2.9.jar:/Users/mradules/.m2/repository/com/sun/xml/messaging/saaj/saaj-impl/1.3.2/saaj-impl-1.3.2.jar:/Users/mradules/.m2/repository/org/springframework/spring-expression/3.0.3.RELEASE/spring-expression-3.0.3.RELEASE.jar:"/>
    <property name="java.specification.name" value="Java Platform API Specification"/>
    <property name="java.class.version" value="50.0"/>
    <property name="sun.management.compiler" value="HotSpot 64-Bit Server Compiler"/>
    <property name="os.version" value="10.6.4"/>
    <property name="http.nonProxyHosts" value="local|*.local|169.254/16|*.169.254/16"/>
    <property name="user.home" value="/Users/mradules"/>
    <property name="user.timezone" value=""/>
    <property name="java.awt.printerjob" value="apple.awt.CPrinterJob"/>
    <property name="java.specification.version" value="1.6"/>
    <property name="file.encoding" value="MacRoman"/>
    <property name="user.name" value="mradules"/>
    <property name="java.class.path" value="/Volumes/Data/lab0/playground/icardea/phrs-modules/messaging/target/test-classes:/Volumes/Data/lab0/playground/icardea/phrs-modules/messaging/target/classes:/Users/mradules/.m2/repository/org/apache/felix/org.osgi.core/1.2.0/org.osgi.core-1.2.0.jar:/Users/mradules/.m2/repository/junit/junit/4.8.2/junit-4.8.2.jar:/Users/mradules/.m2/repository/org/apache/activemq/activemq-pool/5.3.2/activemq-pool-5.3.2.jar:/Users/mradules/.m2/repository/commons-logging/commons-logging-api/1.1/commons-logging-api-1.1.jar:/Users/mradules/.m2/repository/org/apache/activemq/activemq-core/5.3.2/activemq-core-5.3.2.jar:/Users/mradules/.m2/repository/org/apache/geronimo/specs/geronimo-jms_1.1_spec/1.1.1/geronimo-jms_1.1_spec-1.1.1.jar:/Users/mradules/.m2/repository/org/apache/activemq/activeio-core/3.1.2/activeio-core-3.1.2.jar:/Users/mradules/.m2/repository/org/apache/geronimo/specs/geronimo-j2ee-management_1.1_spec/1.0.1/geronimo-j2ee-management_1.1_spec-1.0.1.jar:/Users/mradules/.m2/repository/commons-logging/commons-logging/1.1.1/commons-logging-1.1.1.jar:/Users/mradules/.m2/repository/javax/servlet/servlet-api/2.5/servlet-api-2.5.jar:/Users/mradules/.m2/repository/org/apache/activemq/kahadb/5.3.2/kahadb-5.3.2.jar:/Users/mradules/.m2/repository/org/apache/activemq/protobuf/activemq-protobuf/1.0/activemq-protobuf-1.0.jar:/Users/mradules/.m2/repository/org/osgi/org.osgi.core/4.1.0/org.osgi.core-4.1.0.jar:/Users/mradules/.m2/repository/org/springframework/osgi/spring-osgi-core/1.2.1/spring-osgi-core-1.2.1.jar:/Users/mradules/.m2/repository/org/springframework/osgi/spring-osgi-io/1.2.1/spring-osgi-io-1.2.1.jar:/Users/mradules/.m2/repository/org/apache/geronimo/specs/geronimo-j2ee-management_1.0_spec/1.0/geronimo-j2ee-management_1.0_spec-1.0.jar:/Users/mradules/.m2/repository/org/springframework/spring-context/3.0.3.RELEASE/spring-context-3.0.3.RELEASE.jar:/Users/mradules/.m2/repository/org/springframework/spring-beans/2.5.6/spring-beans-2.5.6.jar:/Users/mradules/.m2/repository/org/springframework/spring-core/3.0.3.RELEASE/spring-core-3.0.3.RELEASE.jar:/Users/mradules/.m2/repository/commons-net/commons-net/2.0/commons-net-2.0.jar:/Users/mradules/.m2/repository/org/apache/geronimo/specs/geronimo-jta_1.0.1B_spec/1.0.1/geronimo-jta_1.0.1B_spec-1.0.1.jar:/Users/mradules/.m2/repository/commons-pool/commons-pool/1.5.4/commons-pool-1.5.4.jar:/Users/mradules/.m2/repository/org/apache/camel/camel-jetty/2.4.0/camel-jetty-2.4.0.jar:/Users/mradules/.m2/repository/org/apache/camel/camel-core/2.4.0/camel-core-2.4.0.jar:/Users/mradules/.m2/repository/org/fusesource/commonman/commons-management/1.0/commons-management-1.0.jar:/Users/mradules/.m2/repository/org/apache/camel/camel-http/2.4.0/camel-http-2.4.0.jar:/Users/mradules/.m2/repository/org/apache/geronimo/specs/geronimo-servlet_2.4_spec/1.1.1/geronimo-servlet_2.4_spec-1.1.1.jar:/Users/mradules/.m2/repository/commons-httpclient/commons-httpclient/3.1/commons-httpclient-3.1.jar:/Users/mradules/.m2/repository/commons-codec/commons-codec/1.3/commons-codec-1.3.jar:/Users/mradules/.m2/repository/org/eclipse/jetty/jetty-server/7.1.4.v20100610/jetty-server-7.1.4.v20100610.jar:/Users/mradules/.m2/repository/org/eclipse/jetty/jetty-continuation/7.1.4.v20100610/jetty-continuation-7.1.4.v20100610.jar:/Users/mradules/.m2/repository/org/eclipse/jetty/jetty-http/7.1.4.v20100610/jetty-http-7.1.4.v20100610.jar:/Users/mradules/.m2/repository/org/eclipse/jetty/jetty-io/7.1.4.v20100610/jetty-io-7.1.4.v20100610.jar:/Users/mradules/.m2/repository/org/eclipse/jetty/jetty-util/7.1.4.v20100610/jetty-util-7.1.4.v20100610.jar:/Users/mradules/.m2/repository/org/eclipse/jetty/jetty-security/7.1.4.v20100610/jetty-security-7.1.4.v20100610.jar:/Users/mradules/.m2/repository/org/eclipse/jetty/jetty-servlet/7.1.4.v20100610/jetty-servlet-7.1.4.v20100610.jar:/Users/mradules/.m2/repository/org/eclipse/jetty/jetty-servlets/7.1.4.v20100610/jetty-servlets-7.1.4.v20100610.jar:/Users/mradules/.m2/repository/org/eclipse/jetty/jetty-client/7.1.4.v20100610/jetty-client-7.1.4.v20100610.jar:/Users/mradules/.m2/repository/org/eclipse/jetty/jetty-jmx/7.1.4.v20100610/jetty-jmx-7.1.4.v20100610.jar:/Users/mradules/.m2/repository/org/eclipse/jetty/jetty-webapp/7.1.4.v20100610/jetty-webapp-7.1.4.v20100610.jar:/Users/mradules/.m2/repository/org/eclipse/jetty/jetty-xml/7.1.4.v20100610/jetty-xml-7.1.4.v20100610.jar:/Users/mradules/.m2/repository/org/apache/camel/camel-gae/2.4.0/camel-gae-2.4.0.jar:/Users/mradules/.m2/repository/org/apache/camel/camel-servlet/2.4.0/camel-servlet-2.4.0.jar:/Users/mradules/.m2/repository/org/apache/camel/camel-spring/2.4.0/camel-spring-2.4.0.jar:/Users/mradules/.m2/repository/org/springframework/spring-aop/3.0.3.RELEASE/spring-aop-3.0.3.RELEASE.jar:/Users/mradules/.m2/repository/org/springframework/spring-asm/3.0.3.RELEASE/spring-asm-3.0.3.RELEASE.jar:/Users/mradules/.m2/repository/org/springframework/spring-tx/3.0.3.RELEASE/spring-tx-3.0.3.RELEASE.jar:/Users/mradules/.m2/repository/com/google/appengine/appengine-api-1.0-sdk/1.3.2/appengine-api-1.0-sdk-1.3.2.jar:/Users/mradules/.m2/repository/com/google/appengine/appengine-api-labs/1.3.2/appengine-api-labs-1.3.2.jar:/Users/mradules/.m2/repository/com/google/gdata/gdata-core/1.41.1/gdata-core-1.41.1.jar:/Users/mradules/.m2/repository/commons-io/commons-io/1.3.2/commons-io-1.3.2.jar:/Users/mradules/.m2/repository/com/google/appengine/appengine-api-stubs/1.3.2/appengine-api-stubs-1.3.2.jar:/Users/mradules/.m2/repository/com/google/appengine/appengine-testing/1.3.2/appengine-testing-1.3.2.jar:/Users/mradules/.m2/repository/org/apache/camel/camel-jackson/2.4.0/camel-jackson-2.4.0.jar:/Users/mradules/.m2/repository/org/codehaus/jackson/jackson-mapper-asl/1.5.4/jackson-mapper-asl-1.5.4.jar:/Users/mradules/.m2/repository/org/codehaus/jackson/jackson-core-asl/1.5.4/jackson-core-asl-1.5.4.jar:/Users/mradules/.m2/repository/org/apache/camel/camel-test/2.4.0/camel-test-2.4.0.jar:/Users/mradules/.m2/repository/org/apache/camel/camel-cxf/2.4.0/camel-cxf-2.4.0.jar:/Users/mradules/.m2/repository/org/apache/cxf/cxf-rt-frontend-jaxrs/2.2.9/cxf-rt-frontend-jaxrs-2.2.9.jar:/Users/mradules/.m2/repository/org/apache/cxf/cxf-common-utilities/2.2.9/cxf-common-utilities-2.2.9.jar:/Users/mradules/.m2/repository/org/apache/geronimo/specs/geronimo-annotation_1.0_spec/1.1.1/geronimo-annotation_1.0_spec-1.1.1.jar:/Users/mradules/.m2/repository/javax/xml/bind/jaxb-api/2.1/jaxb-api-2.1.jar:/Users/mradules/.m2/repository/org/apache/geronimo/specs/geronimo-stax-api_1.0_spec/1.0.1/geronimo-stax-api_1.0_spec-1.0.1.jar:/Users/mradules/.m2/repository/wsdl4j/wsdl4j/1.6.2/wsdl4j-1.6.2.jar:/Users/mradules/.m2/repository/org/apache/ws/commons/schema/XmlSchema/1.4.5/XmlSchema-1.4.5.jar:/Users/mradules/.m2/repository/commons-lang/commons-lang/2.4/commons-lang-2.4.jar:/Users/mradules/.m2/repository/org/apache/cxf/cxf-api/2.2.9/cxf-api-2.2.9.jar:/Users/mradules/.m2/repository/org/apache/geronimo/specs/geronimo-activation_1.1_spec/1.0.2/geronimo-activation_1.1_spec-1.0.2.jar:/Users/mradules/.m2/repository/org/codehaus/woodstox/wstx-asl/3.2.9/wstx-asl-3.2.9.jar:/Users/mradules/.m2/repository/org/apache/neethi/neethi/2.0.4/neethi-2.0.4.jar:/Users/mradules/.m2/repository/org/apache/cxf/cxf-common-schemas/2.2.9/cxf-common-schemas-2.2.9.jar:/Users/mradules/.m2/repository/org/apache/cxf/cxf-rt-core/2.2.9/cxf-rt-core-2.2.9.jar:/Users/mradules/.m2/repository/com/sun/xml/bind/jaxb-impl/2.1.13/jaxb-impl-2.1.13.jar:/Users/mradules/.m2/repository/org/apache/geronimo/specs/geronimo-javamail_1.4_spec/1.6/geronimo-javamail_1.4_spec-1.6.jar:/Users/mradules/.m2/repository/javax/ws/rs/jsr311-api/1.0/jsr311-api-1.0.jar:/Users/mradules/.m2/repository/org/apache/cxf/cxf-rt-bindings-xml/2.2.9/cxf-rt-bindings-xml-2.2.9.jar:/Users/mradules/.m2/repository/org/apache/cxf/cxf-rt-transports-http/2.2.9/cxf-rt-transports-http-2.2.9.jar:/Users/mradules/.m2/repository/org/springframework/spring-web/2.5.6/spring-web-2.5.6.jar:/Users/mradules/.m2/repository/org/apache/cxf/cxf-rt-databinding-aegis/2.2.9/cxf-rt-databinding-aegis-2.2.9.jar:/Users/mradules/.m2/repository/org/apache/abdera/abdera-core/1.0/abdera-core-1.0.jar:/Users/mradules/.m2/repository/org/apache/abdera/abdera-i18n/1.0/abdera-i18n-1.0.jar:/Users/mradules/.m2/repository/org/apache/abdera/abdera-parser/1.0/abdera-parser-1.0.jar:/Users/mradules/.m2/repository/org/apache/ws/commons/axiom/axiom-impl/1.2.5/axiom-impl-1.2.5.jar:/Users/mradules/.m2/repository/org/apache/ws/commons/axiom/axiom-api/1.2.5/axiom-api-1.2.5.jar:/Users/mradules/.m2/repository/jaxen/jaxen/1.1.1/jaxen-1.1.1.jar:/Users/mradules/.m2/repository/org/apache/abdera/abdera-extensions-json/1.0/abdera-extensions-json-1.0.jar:/Users/mradules/.m2/repository/org/apache/abdera/abdera-extensions-main/1.0/abdera-extensions-main-1.0.jar:/Users/mradules/.m2/repository/org/codehaus/jettison/jettison/1.2/jettison-1.2.jar:/Users/mradules/.m2/repository/org/apache/xmlbeans/xmlbeans/2.4.0/xmlbeans-2.4.0.jar:/Users/mradules/.m2/repository/org/apache/cxf/cxf-rt-frontend-jaxws/2.2.9/cxf-rt-frontend-jaxws-2.2.9.jar:/Users/mradules/.m2/repository/xml-resolver/xml-resolver/1.2/xml-resolver-1.2.jar:/Users/mradules/.m2/repository/org/apache/geronimo/specs/geronimo-jaxws_2.1_spec/1.0/geronimo-jaxws_2.1_spec-1.0.jar:/Users/mradules/.m2/repository/org/apache/geronimo/specs/geronimo-ws-metadata_2.0_spec/1.1.2/geronimo-ws-metadata_2.0_spec-1.1.2.jar:/Users/mradules/.m2/repository/asm/asm/2.2.3/asm-2.2.3.jar:/Users/mradules/.m2/repository/org/apache/cxf/cxf-rt-bindings-soap/2.2.9/cxf-rt-bindings-soap-2.2.9.jar:/Users/mradules/.m2/repository/org/apache/cxf/cxf-tools-common/2.2.9/cxf-tools-common-2.2.9.jar:/Users/mradules/.m2/repository/javax/xml/soap/saaj-api/1.3/saaj-api-1.3.jar:/Users/mradules/.m2/repository/org/apache/cxf/cxf-rt-databinding-jaxb/2.2.9/cxf-rt-databinding-jaxb-2.2.9.jar:/Users/mradules/.m2/repository/org/apache/cxf/cxf-rt-frontend-simple/2.2.9/cxf-rt-frontend-simple-2.2.9.jar:/Users/mradules/.m2/repository/org/apache/cxf/cxf-rt-ws-addr/2.2.9/cxf-rt-ws-addr-2.2.9.jar:/Users/mradules/.m2/repository/com/sun/xml/messaging/saaj/saaj-impl/1.3.2/saaj-impl-1.3.2.jar:/Users/mradules/.m2/repository/org/springframework/spring-expression/3.0.3.RELEASE/spring-expression-3.0.3.RELEASE.jar:"/>
    <property name="java.vm.specification.version" value="1.0"/>
    <property name="sun.arch.data.model" value="64"/>
    <property name="java.home" value="/System/Library/Java/JavaVirtualMachines/1.6.0.jdk/Contents/Home"/>
    <property name="java.specification.vendor" value="Sun Microsystems Inc."/>
    <property name="user.language" value="en"/>
    <property name="awt.toolkit" value="apple.awt.CToolkit"/>
    <property name="java.vm.info" value="mixed mode"/>
    <property name="java.version" value="1.6.0_22"/>
    <property name="java.ext.dirs" value="/Library/Java/Extensions:/System/Library/Java/Extensions:/System/Library/Java/JavaVirtualMachines/1.6.0.jdk/Contents/Home/lib/ext"/>
    <property name="sun.boot.class.path" value="/System/Library/Java/JavaVirtualMachines/1.6.0.jdk/Contents/Classes/jsfd.jar:/System/Library/Java/JavaVirtualMachines/1.6.0.jdk/Contents/Classes/classes.jar:/System/Library/Frameworks/JavaVM.framework/Frameworks/JavaRuntimeSupport.framework/Resources/Java/JavaRuntimeSupport.jar:/System/Library/Java/JavaVirtualMachines/1.6.0.jdk/Contents/Classes/ui.jar:/System/Library/Java/JavaVirtualMachines/1.6.0.jdk/Contents/Classes/laf.jar:/System/Library/Java/JavaVirtualMachines/1.6.0.jdk/Contents/Classes/sunrsasign.jar:/System/Library/Java/JavaVirtualMachines/1.6.0.jdk/Contents/Classes/jsse.jar:/System/Library/Java/JavaVirtualMachines/1.6.0.jdk/Contents/Classes/jce.jar:/System/Library/Java/JavaVirtualMachines/1.6.0.jdk/Contents/Classes/charsets.jar"/>
    <property name="java.vendor" value="Apple Inc."/>
    <property name="localRepository" value="/Users/mradules/.m2/repository"/>
    <property name="file.separator" value="/"/>
    <property name="java.vendor.url.bug" value="http://bugreport.apple.com/"/>
    <property name="sun.cpu.endian" value="little"/>
    <property name="sun.io.unicode.encoding" value="UnicodeLittle"/>
    <property name="mrj.version" value="1060.1.6.0_22-307"/>
    <property name="socksNonProxyHosts" value="local|*.local|169.254/16|*.169.254/16"/>
    <property name="ftp.nonProxyHosts" value="local|*.local|169.254/16|*.169.254/16"/>
    <property name="sun.cpu.isalist" value=""/>
  </properties>
  <testcase time="0.003" classname="at.srfg.kmt.ehealth.phrs.AppTest" name="testApp"/>
</testsuite>