<?xml version="1.0" encoding="UTF-8" ?>
<testsuite failures="0" time="0.029" errors="0" skipped="0" tests="1" name="at.srfg.kmt.ehealth.phrs.AppTest">
  <properties>
    <property name="java.runtime.name" value="Java(TM) SE Runtime Environment"/>
    <property name="java.protocol.handler.pkgs" value="org.jboss.virtual.protocol"/>
    <property name="sun.boot.library.path" value="/System/Library/Java/JavaVirtualMachines/1.6.0.jdk/Contents/Libraries"/>
    <property name="java.vm.version" value="17.1-b03-307"/>
    <property name="awt.nativeDoubleBuffering" value="true"/>
    <property name="gopherProxySet" value="false"/>
    <property name="mrj.build" value="10M3261"/>
    <property name="java.vm.vendor" value="Apple Inc."/>
    <property name="java.vendor.url" value="http://www.apple.com/"/>
    <property name="path.separator" value=":"/>
    <property name="java.vm.name" value="Java HotSpot(TM) 64-Bit Server VM"/>
    <property name="file.encoding.pkg" value="sun.io"/>
    <property name="user.country" value="US"/>
    <property name="sun.java.launcher" value="SUN_STANDARD"/>
    <property name="sun.os.patch.level" value="unknown"/>
    <property name="java.vm.specification.name" value="Java Virtual Machine Specification"/>
    <property name="user.dir" value="/Volumes/Data/lab0/iiiiiCardea/phrs/ehkmt-integration/phrs-modules/security"/>
    <property name="java.runtime.version" value="1.6.0_22-b04-307-10M3261"/>
    <property name="java.awt.graphicsenv" value="apple.awt.CGraphicsEnvironment"/>
    <property name="basedir" value="/Volumes/Data/lab0/iiiiiCardea/phrs/ehkmt-integration/phrs-modules/security"/>
    <property name="java.endorsed.dirs" value="/System/Library/Java/JavaVirtualMachines/1.6.0.jdk/Contents/Home/lib/endorsed"/>
    <property name="os.arch" value="x86_64"/>
    <property name="surefire.real.class.path" value="/var/folders/lu/lu9No3cZG-ewyEzsQ1Mbr+++03U/-Tmp-/surefirebooter1714575323100932514.jar"/>
    <property name="java.io.tmpdir" value="/var/folders/lu/lu9No3cZG-ewyEzsQ1Mbr+++03U/-Tmp-/"/>
    <property name="line.separator" value="
"/>
    <property name="java.vm.specification.vendor" value="Sun Microsystems Inc."/>
    <property name="os.name" value="Mac OS X"/>
    <property name="sun.jnu.encoding" value="MacRoman"/>
    <property name="java.library.path" value=".:/Library/Java/Extensions:/System/Library/Java/Extensions:/usr/lib/java"/>
    <property name="surefire.test.class.path" value="/Volumes/Data/lab0/iiiiiCardea/phrs/ehkmt-integration/phrs-modules/security/target/test-classes:/Volumes/Data/lab0/iiiiiCardea/phrs/ehkmt-integration/phrs-modules/security/target/classes:/Users/mradules/.m2/repository/junit/junit/4.8.2/junit-4.8.2.jar:/Users/mradules/.m2/repository/org/slf4j/slf4j-api/1.6.1/slf4j-api-1.6.1.jar:/Users/mradules/.m2/repository/org/slf4j/slf4j-log4j12/1.6.1/slf4j-log4j12-1.6.1.jar:/Users/mradules/.m2/repository/log4j/log4j/1.2.16/log4j-1.2.16.jar:/Users/mradules/.m2/repository/org/jboss/shrinkwrap/shrinkwrap-api/1.0.0-alpha-11/shrinkwrap-api-1.0.0-alpha-11.jar:/Users/mradules/.m2/repository/org/jboss/shrinkwrap/shrinkwrap-spi/1.0.0-alpha-11/shrinkwrap-spi-1.0.0-alpha-11.jar:/Users/mradules/.m2/repository/org/jboss/shrinkwrap/shrinkwrap-impl-base/1.0.0-alpha-11/shrinkwrap-impl-base-1.0.0-alpha-11.jar:/Users/mradules/.m2/repository/org/jboss/arquillian/arquillian-junit/1.0.0.Alpha4/arquillian-junit-1.0.0.Alpha4.jar:/Users/mradules/.m2/repository/org/jboss/arquillian/arquillian-impl-base/1.0.0.Alpha4/arquillian-impl-base-1.0.0.Alpha4.jar:/Users/mradules/.m2/repository/org/jboss/arquillian/arquillian-api/1.0.0.Alpha4/arquillian-api-1.0.0.Alpha4.jar:/Users/mradules/.m2/repository/org/jboss/arquillian/arquillian-spi/1.0.0.Alpha4/arquillian-spi-1.0.0.Alpha4.jar:/Users/mradules/.m2/repository/org/jboss/arquillian/container/arquillian-jbossas-remote-5.1/1.0.0.Alpha4/arquillian-jbossas-remote-5.1-1.0.0.Alpha4.jar:/Users/mradules/.m2/repository/org/jboss/arquillian/protocol/arquillian-protocol-servlet-2.5/1.0.0.Alpha4/arquillian-protocol-servlet-2.5-1.0.0.Alpha4.jar:/Users/mradules/.m2/repository/org/jboss/arquillian/testenricher/arquillian-testenricher-ejb/1.0.0.Alpha4/arquillian-testenricher-ejb-1.0.0.Alpha4.jar:/Users/mradules/.m2/repository/org/jboss/arquillian/testenricher/arquillian-testenricher-resource/1.0.0.Alpha4/arquillian-testenricher-resource-1.0.0.Alpha4.jar:/Users/mradules/.m2/repository/commons-logging/commons-logging/1.1.0.jboss/commons-logging-1.1.0.jboss.jar:/Users/mradules/.m2/repository/oswego-concurrent/concurrent/1.3.4-jboss-update1/concurrent-1.3.4-jboss-update1.jar:/Users/mradules/.m2/repository/org/hibernate/ejb3-persistence/1.0.2.GA/ejb3-persistence-1.0.2.GA.jar:/Users/mradules/.m2/repository/org/hibernate/hibernate-annotations/3.4.0.GA/hibernate-annotations-3.4.0.GA.jar:/Users/mradules/.m2/repository/org/hibernate/hibernate-commons-annotations/3.1.0.GA/hibernate-commons-annotations-3.1.0.GA.jar:/Users/mradules/.m2/repository/org/hibernate/hibernate-core/3.3.0.SP1/hibernate-core-3.3.0.SP1.jar:/Users/mradules/.m2/repository/antlr/antlr/2.7.6/antlr-2.7.6.jar:/Users/mradules/.m2/repository/commons-collections/commons-collections/3.1/commons-collections-3.1.jar:/Users/mradules/.m2/repository/dom4j/dom4j/1.6.1/dom4j-1.6.1.jar:/Users/mradules/.m2/repository/xml-apis/xml-apis/1.0.b2/xml-apis-1.0.b2.jar:/Users/mradules/.m2/repository/javax/transaction/jta/1.1/jta-1.1.jar:/Users/mradules/.m2/repository/org/jboss/aop/jboss-aop/2.1.1.GA/jboss-aop-2.1.1.GA-client.jar:/Users/mradules/.m2/repository/apache-xerces/xml-apis/2.9.1/xml-apis-2.9.1.jar:/Users/mradules/.m2/repository/org/apache/ant/ant/1.7.0/ant-1.7.0.jar:/Users/mradules/.m2/repository/org/apache/ant/ant-launcher/1.7.0/ant-launcher-1.7.0.jar:/Users/mradules/.m2/repository/javassist/javassist/3.10.0.GA/javassist-3.10.0.GA.jar:/Users/mradules/.m2/repository/org/jboss/jboss-reflect/2.0.2.GA/jboss-reflect-2.0.2.GA.jar:/Users/mradules/.m2/repository/org/jboss/logging/jboss-logging-spi/2.1.0.GA/jboss-logging-spi-2.1.0.GA.jar:/Users/mradules/.m2/repository/org/jboss/jboss-common-core/2.2.14.GA/jboss-common-core-2.2.14.GA.jar:/Users/mradules/.m2/repository/org/jboss/jboss-mdr/2.0.1.GA/jboss-mdr-2.0.1.GA.jar:/Users/mradules/.m2/repository/qdox/qdox/1.6.1/qdox-1.6.1.jar:/Users/mradules/.m2/repository/trove/trove/2.1.1/trove-2.1.1.jar:/Users/mradules/.m2/repository/org/jboss/logging/jboss-logging-log4j/2.1.0.GA/jboss-logging-log4j-2.1.0.GA.jar:/Users/mradules/.m2/repository/org/jboss/jbossas/jboss-as-ejb3/5.1.0.GA/jboss-as-ejb3-5.1.0.GA-client.jar:/Users/mradules/.m2/repository/cglib/cglib/2.1.3/cglib-2.1.3.jar:/Users/mradules/.m2/repository/jacorb/jacorb/2.3.0jboss.patch6-brew/jacorb-2.3.0jboss.patch6-brew.jar:/Users/mradules/.m2/repository/org/jboss/remoting/jboss-remoting/2.5.1/jboss-remoting-2.5.1.jar:/Users/mradules/.m2/repository/org/hibernate/hibernate-entitymanager/3.4.0.GA/hibernate-entitymanager-3.4.0.GA.jar:/Users/mradules/.m2/repository/org/jboss/jboss-vfs/2.1.2.GA/jboss-vfs-2.1.2.GA.jar:/Users/mradules/.m2/repository/org/jboss/jbossxb/2.0.1.GA/jbossxb-2.0.1.GA.jar:/Users/mradules/.m2/repository/apache-xerces/xercesImpl/2.9.1/xercesImpl-2.9.1.jar:/Users/mradules/.m2/repository/wutka-dtdparser/dtdparser121/1.2.1/dtdparser121-1.2.1.jar:/Users/mradules/.m2/repository/javax/activation/activation/1.1.1/activation-1.1.1.jar:/Users/mradules/.m2/repository/sun-jaxb/jaxb-api/2.1.9-brew/jaxb-api-2.1.9-brew.jar:/Users/mradules/.m2/repository/org/jboss/cluster/jboss-ha-client/1.1.1.GA/jboss-ha-client-1.1.1.GA.jar:/Users/mradules/.m2/repository/org/jboss/ejb3/jboss-ejb3-as-int/1.1.5/jboss-ejb3-as-int-1.1.5.jar:/Users/mradules/.m2/repository/org/jboss/ejb3/jboss-ejb3-core/1.1.5/jboss-ejb3-core-1.1.5.jar:/Users/mradules/.m2/repository/org/jboss/integration/jboss-jca-spi/5.0.3.GA/jboss-jca-spi-5.0.3.GA.jar:/Users/mradules/.m2/repository/org/jboss/javaee/jboss-jca-api/1.5.0.GA/jboss-jca-api-1.5.0.GA.jar:/Users/mradules/.m2/repository/org/jboss/metadata/jboss-metadata/1.0.1.GA/jboss-metadata-1.0.1.GA.jar:/Users/mradules/.m2/repository/org/jboss/ejb3/jboss-ejb3-ext-api/1.0.0/jboss-ejb3-ext-api-1.0.0.jar:/Users/mradules/.m2/repository/org/jboss/javaee/jboss-ejb-api/3.0.0.GA/jboss-ejb-api-3.0.0.GA.jar:/Users/mradules/.m2/repository/org/jboss/javaee/jboss-transaction-api/1.0.1.GA/jboss-transaction-api-1.0.1.GA.jar:/Users/mradules/.m2/repository/org/jboss/ws/native/jbossws-native-jaxrpc/3.0.4.GA/jbossws-native-jaxrpc-3.0.4.GA.jar:/Users/mradules/.m2/repository/org/jboss/ws/native/jbossws-native-saaj/3.1.2.GA/jbossws-native-saaj-3.1.2.GA.jar:/Users/mradules/.m2/repository/org/jboss/javaee/jboss-jms-api/1.1.0.GA/jboss-jms-api-1.1.0.GA.jar:/Users/mradules/.m2/repository/org/jboss/ws/jbossws-spi/1.0.3.GA/jbossws-spi-1.0.3.GA.jar:/Users/mradules/.m2/repository/gnu-getopt/getopt/1.0.12-brew/getopt-1.0.12-brew.jar:/Users/mradules/.m2/repository/org/jboss/cache/jbosscache-core/3.1.0.GA/jbosscache-core-3.1.0.GA.jar:/Users/mradules/.m2/repository/jgroups/jgroups/2.6.10.GA/jgroups-2.6.10.GA.jar:/Users/mradules/.m2/repository/org/jboss/aspects/jboss-remoting-aspects/1.0.2/jboss-remoting-aspects-1.0.2.jar:/Users/mradules/.m2/repository/jboss/jboss-serialization/1.0.3.GA/jboss-serialization-1.0.3.GA.jar:/Users/mradules/.m2/repository/org/jboss/aspects/jboss-transaction-aspects/1.0.0.GA/jboss-transaction-aspects-1.0.0.GA.jar:/Users/mradules/.m2/repository/org/jboss/integration/jboss-transaction-spi/5.1.0.GA/jboss-transaction-spi-5.1.0.GA.jar:/Users/mradules/.m2/repository/org/jboss/aspects/jboss-security-aspects/1.0.0.GA/jboss-security-aspects-1.0.0.GA.jar:/Users/mradules/.m2/repository/org/jboss/microcontainer/jboss-kernel/2.0.6.GA/jboss-kernel-2.0.6.GA.jar:/Users/mradules/.m2/repository/org/jboss/microcontainer/jboss-dependency/2.0.6.GA/jboss-dependency-2.0.6.GA.jar:/Users/mradules/.m2/repository/org/jboss/security/jboss-security-spi/2.0.3.SP1/jboss-security-spi-2.0.3.SP1.jar:/Users/mradules/.m2/repository/org/jboss/security/jbosssx/2.0.3.SP1/jbosssx-2.0.3.SP1.jar:/Users/mradules/.m2/repository/org/jboss/javaee/jboss-jaspi-api/1.0.0.GA/jboss-jaspi-api-1.0.0.GA.jar:/Users/mradules/.m2/repository/javax/security/jacc/1.0/jacc-1.0.jar:/Users/mradules/.m2/repository/org/jboss/cluster/jboss-ha-server-api/1.1.1.GA/jboss-ha-server-api-1.1.1.GA.jar:/Users/mradules/.m2/repository/org/jboss/ejb3/jboss-ejb3-cache/1.0.0/jboss-ejb3-cache-1.0.0.jar:/Users/mradules/.m2/repository/org/jboss/ejb3/jboss-ejb3-common/1.0.0/jboss-ejb3-common-1.0.0.jar:/Users/mradules/.m2/repository/org/jboss/deployers/jboss-deployers-spi/2.0.7.GA/jboss-deployers-spi-2.0.7.GA.jar:/Users/mradules/.m2/repository/org/jboss/deployers/jboss-deployers-structure-spi/2.0.7.GA/jboss-deployers-structure-spi-2.0.7.GA.jar:/Users/mradules/.m2/repository/org/jboss/deployers/jboss-deployers-client-spi/2.0.7.GA/jboss-deployers-client-spi-2.0.7.GA.jar:/Users/mradules/.m2/repository/org/jboss/deployers/jboss-deployers-core-spi/2.0.7.GA/jboss-deployers-core-spi-2.0.7.GA.jar:/Users/mradules/.m2/repository/org/jboss/man/jboss-managed/2.1.0.CR8/jboss-managed-2.1.0.CR8.jar:/Users/mradules/.m2/repository/org/jboss/man/jboss-metatype/2.1.0.SP1/jboss-metatype-2.1.0.SP1.jar:/Users/mradules/.m2/repository/org/jboss/integration/jboss-classloading-spi/5.1.0.GA/jboss-classloading-spi-5.1.0.GA.jar:/Users/mradules/.m2/repository/org/jboss/ejb3/jboss-ejb3-endpoint/0.1.0/jboss-ejb3-endpoint-0.1.0.jar:/Users/mradules/.m2/repository/org/jboss/ejb3/jboss-ejb3-security/1.0.0/jboss-ejb3-security-1.0.0.jar:/Users/mradules/.m2/repository/org/jboss/aspects/jboss-current-invocation-aspects/1.0.0.CR1/jboss-current-invocation-aspects-1.0.0.CR1.jar:/Users/mradules/.m2/repository/org/jboss/ejb3/jboss-ejb3-interceptors/1.0.2/jboss-ejb3-interceptors-1.0.2.jar:/Users/mradules/.m2/repository/org/jboss/ejb3/jboss-ejb3-metadata/1.0.0/jboss-ejb3-metadata-1.0.0.jar:/Users/mradules/.m2/repository/org/jboss/javaee/jboss-jacc-api/1.1.0.GA_SP1/jboss-jacc-api-1.1.0.GA_SP1.jar:/Users/mradules/.m2/repository/org/jboss/ejb3/jboss-ejb3-ext-api-impl/1.0.0/jboss-ejb3-ext-api-impl-1.0.0.jar:/Users/mradules/.m2/repository/org/jboss/ejb3/jboss-ejb3-timerservice-spi/1.0.0/jboss-ejb3-timerservice-spi-1.0.0.jar:/Users/mradules/.m2/repository/org/jboss/ejb3/jboss-ejb3-proxy-impl/1.0.2/jboss-ejb3-proxy-impl-1.0.2.jar:/Users/mradules/.m2/repository/org/jboss/ejb3/jboss-ejb3-proxy-spi/1.0.0/jboss-ejb3-proxy-spi-1.0.0.jar:/Users/mradules/.m2/repository/org/jboss/naming/jnpserver/5.0.3.GA/jnpserver-5.0.3.GA.jar:/Users/mradules/.m2/repository/org/jboss/ejb3/jboss-ejb3-proxy-clustered/1.0.1/jboss-ejb3-proxy-clustered-1.0.1.jar:/Users/mradules/.m2/repository/org/jboss/ejb3/jboss-ejb3-transactions/1.0.0/jboss-ejb3-transactions-1.0.0.jar:/Users/mradules/.m2/repository/org/jboss/deployers/jboss-deployers-vfs/2.0.7.GA/jboss-deployers-vfs-2.0.7.GA.jar:/Users/mradules/.m2/repository/org/jboss/deployers/jboss-deployers-vfs-spi/2.0.7.GA/jboss-deployers-vfs-spi-2.0.7.GA.jar:/Users/mradules/.m2/repository/org/jboss/cl/jboss-classloading/2.0.6.GA/jboss-classloading-2.0.6.GA.jar:/Users/mradules/.m2/repository/org/jboss/cl/jboss-classloader/2.0.6.GA/jboss-classloader-2.0.6.GA.jar:/Users/mradules/.m2/repository/stax/stax-api/1.0/stax-api-1.0.jar:/Users/mradules/.m2/repository/org/jboss/cl/jboss-classloading-vfs/2.0.6.GA/jboss-classloading-vfs-2.0.6.GA.jar:/Users/mradules/.m2/repository/org/jboss/deployers/jboss-deployers-core/2.0.7.GA/jboss-deployers-core-2.0.7.GA.jar:/Users/mradules/.m2/repository/org/jboss/deployers/jboss-deployers-client/2.0.7.GA/jboss-deployers-client-2.0.7.GA.jar:/Users/mradules/.m2/repository/org/jboss/deployers/jboss-deployers-impl/2.0.7.GA/jboss-deployers-impl-2.0.7.GA.jar:/Users/mradules/.m2/repository/org/jboss/jpa/jboss-jpa-deployers/1.0.0/jboss-jpa-deployers-1.0.0.jar:/Users/mradules/.m2/repository/org/jboss/microcontainer/jboss-aop-mc-int/2.0.6.GA/jboss-aop-mc-int-2.0.6.GA.jar:/Users/mradules/.m2/repository/quartz/quartz/1.6.0/quartz-1.6.0.jar:/Users/mradules/.m2/repository/sun-jaxws/jaxws-api/2.1.1/jaxws-api-2.1.1.jar:/Users/mradules/.m2/repository/sun-jaxws/jsr181-api/2.1.1/jsr181-api-2.1.1.jar:/Users/mradules/.m2/repository/org/jboss/ejb3/jboss-ejb3-deployers/1.0.0/jboss-ejb3-deployers-1.0.0.jar:/Users/mradules/.m2/repository/org/jboss/ejb3/jboss-ejb3-mc-int/1.0.1/jboss-ejb3-mc-int-1.0.1.jar:/Users/mradules/.m2/repository/org/jboss/ejb3/jboss-ejb3-core/1.1.5/jboss-ejb3-core-1.1.5-client.jar:/Users/mradules/.m2/repository/org/jboss/jbossas/jboss-as-connector/5.1.0.GA/jboss-as-connector-5.1.0.GA.jar:/Users/mradules/.m2/repository/org/jboss/jbossas/jboss-as-server/5.1.0.GA/jboss-as-server-5.1.0.GA.jar:/Users/mradules/.m2/repository/org/jboss/jbossas/jboss-as-deployment/5.1.0.GA/jboss-as-deployment-5.1.0.GA.jar:/Users/mradules/.m2/repository/javax/security/jaas/1.0.01/jaas-1.0.01.jar:/Users/mradules/.m2/repository/org/jboss/javaee/jboss-jad-api/1.2.0.GA/jboss-jad-api-1.2.0.GA.jar:/Users/mradules/.m2/repository/org/jboss/security/jbosssx-client/2.0.3.SP1/jbosssx-client-2.0.3.SP1.jar:/Users/mradules/.m2/repository/jpl-pattern/jpl-pattern/1.0/jpl-pattern-1.0.jar:/Users/mradules/.m2/repository/jpl-util/jpl-util/1.0/jpl-util-1.0.jar:/Users/mradules/.m2/repository/org/jboss/jbossas/jboss-as-j2se/5.1.0.GA/jboss-as-j2se-5.1.0.GA.jar:/Users/mradules/.m2/repository/org/jboss/naming/jnp-client/5.0.3.GA/jnp-client-5.0.3.GA.jar:/Users/mradules/.m2/repository/org/jboss/jbossas/jboss-as-security/5.1.0.GA/jboss-as-security-5.1.0.GA.jar:/Users/mradules/.m2/repository/org/jboss/jbossas/jboss-as-system-jmx/5.1.0.GA/jboss-as-system-jmx-5.1.0.GA.jar:/Users/mradules/.m2/repository/org/jboss/bootstrap/jboss-bootstrap/1.0.0-Beta-3/jboss-bootstrap-1.0.0-Beta-3.jar:/Users/mradules/.m2/repository/org/jboss/jbossas/jboss-as-system/5.1.0.GA/jboss-as-system-5.1.0.GA.jar:/Users/mradules/.m2/repository/org/jboss/aop/jboss-aop/2.1.1.GA/jboss-aop-2.1.1.GA.jar:/Users/mradules/.m2/repository/org/jboss/integration/jboss-profileservice-spi/5.1.0.GA/jboss-profileservice-spi-5.1.0.GA.jar:/Users/mradules/.m2/repository/org/jboss/jbossas/jboss-as-jmx/5.1.0.GA/jboss-as-jmx-5.1.0.GA.jar:/Users/mradules/.m2/repository/org/jboss/jbossas/jboss-as-j2se/5.1.0.GA/jboss-as-j2se-5.1.0.GA-tests.jar:/Users/mradules/.m2/repository/org/jboss/jbossas/jboss-as-mbeans/5.1.0.GA/jboss-as-mbeans-5.1.0.GA.jar:/Users/mradules/.m2/repository/bcel/bcel/5.1/bcel-5.1.jar:/Users/mradules/.m2/repository/org/jboss/test/jboss-test/1.1.4.GA/jboss-test-1.1.4.GA.jar:/Users/mradules/.m2/repository/org/apache/ant/ant-junit/1.7.0/ant-junit-1.7.0.jar:/Users/mradules/.m2/repository/jboss/profiler/jvmti/jboss-profiler-jvmti/1.0.0.CR5/jboss-profiler-jvmti-1.0.0.CR5.jar:/Users/mradules/.m2/repository/org/jboss/jbossas/jboss-server-manager/1.0.2.GA/jboss-server-manager-1.0.2.GA.jar:/Users/mradules/.m2/repository/org/jboss/security/jbossxacml/2.0.3/jbossxacml-2.0.3.jar:/Users/mradules/.m2/repository/org/apache/xmlsec/1.4.2/xmlsec-1.4.2.jar:/Users/mradules/.m2/repository/org/jboss/integration/jboss-deployment-spi/5.1.0.GA/jboss-deployment-spi-5.1.0.GA.jar:/Users/mradules/.m2/repository/org/jboss/ws/native/jbossws-native-jaxws/3.1.2.GA/jbossws-native-jaxws-3.1.2.GA.jar:/Users/mradules/.m2/repository/org/jboss/jbossas/jboss-as-profileservice/5.1.0.GA/jboss-as-profileservice-5.1.0.GA.jar:/Users/mradules/.m2/repository/org/jboss/jbossas/jboss-as-aspects/5.1.0.GA/jboss-as-aspects-5.1.0.GA.jar:/Users/mradules/.m2/repository/org/jboss/aop/jboss-aop-aspects/2.1.1.GA/jboss-aop-aspects-2.1.1.GA.jar:/Users/mradules/.m2/repository/org/beanshell/bsh/1.3.0/bsh-1.3.0.jar:/Users/mradules/.m2/repository/org/jboss/aop/jboss-aop-asintegration-core/2.1.1.GA/jboss-aop-asintegration-core-2.1.1.GA.jar:/Users/mradules/.m2/repository/org/jboss/aop/pluggable-instrumentor/2.1.1.GA/pluggable-instrumentor-2.1.1.GA.jar:/Users/mradules/.m2/repository/org/jboss/aop/jboss-aop-asintegration-jmx/2.1.1.GA/jboss-aop-asintegration-jmx-2.1.1.GA.jar:/Users/mradules/.m2/repository/org/jboss/aop/jboss-aop-asintegration-mc/2.1.1.GA/jboss-aop-asintegration-mc-2.1.1.GA.jar:/Users/mradules/.m2/repository/javax/mail/mail/1.4/mail-1.4.jar:/Users/mradules/.m2/repository/org/jboss/integration/jboss-integration/5.1.0.GA/jboss-integration-5.1.0.GA.jar:/Users/mradules/.m2/repository/org/jboss/jbossas/jboss-as-main/5.1.0.GA/jboss-as-main-5.1.0.GA.jar:/Users/mradules/.m2/repository/org/jboss/logbridge/jboss-logbridge/1.0.0.GA/jboss-logbridge-1.0.0.GA.jar:/Users/mradules/.m2/repository/org/jboss/logmanager/jboss-logmanager/1.0.0.GA/jboss-logmanager-1.0.0.GA.jar:/Users/mradules/.m2/repository/org/jboss/jbossas/jboss-as-iiop/5.1.0.GA/jboss-as-iiop-5.1.0.GA.jar:/Users/mradules/.m2/repository/apache-avalon/avalon-framework/4.1.5/avalon-framework-4.1.5.jar:/Users/mradules/.m2/repository/org/jboss/integration/jboss-corba-ots-spi/5.1.0.GA/jboss-corba-ots-spi-5.1.0.GA.jar:/Users/mradules/.m2/repository/org/jboss/jbossas/jboss-as-server/5.1.0.GA/jboss-as-server-5.1.0.GA-client.jar:/Users/mradules/.m2/repository/jboss/jbossws/jboss-jaxws/3.0.1-native-2.0.4.GA/jboss-jaxws-3.0.1-native-2.0.4.GA.jar:/Users/mradules/.m2/repository/jboss/web/servlet-api/2.1.1.GA/servlet-api-2.1.1.GA.jar:/Users/mradules/.m2/repository/org/jboss/ejb3/jboss-ejb3-common/1.0.0/jboss-ejb3-common-1.0.0-client.jar:/Users/mradules/.m2/repository/org/jboss/ejb3/jboss-ejb3-proxy-clustered/1.0.1/jboss-ejb3-proxy-clustered-1.0.1-client.jar:/Users/mradules/.m2/repository/org/jboss/ejb3/jboss-ejb3-proxy-impl/1.0.2/jboss-ejb3-proxy-impl-1.0.2-client.jar:/Users/mradules/.m2/repository/org/jboss/ejb3/jboss-ejb3-proxy-spi/1.0.0/jboss-ejb3-proxy-spi-1.0.0-client.jar:/Users/mradules/.m2/repository/org/jboss/ejb3/jboss-ejb3-security/1.0.0/jboss-ejb3-security-1.0.0-client.jar:/Users/mradules/.m2/repository/org/jboss/jbossas/jboss-as-cluster/5.1.0.GA/jboss-as-cluster-5.1.0.GA-jboss-ha-legacy-client.jar:/Users/mradules/.m2/repository/org/jboss/cluster/jboss-ha-server-cache-spi/2.0.0.GA/jboss-ha-server-cache-spi-2.0.0.GA.jar:/Users/mradules/.m2/repository/org/jboss/cluster/jboss-ha-server-cache-jbc/2.0.0.GA/jboss-ha-server-cache-jbc-2.0.0.GA.jar:/Users/mradules/.m2/repository/org/jboss/jbossas/jboss-as-iiop/5.1.0.GA/jboss-as-iiop-5.1.0.GA-client.jar:/Users/mradules/.m2/repository/org/jboss/javaee/jboss-javaee/5.0.1.GA/jboss-javaee-5.0.1.GA.jar:/Users/mradules/.m2/repository/org/jboss/jbossas/jboss-as-management/5.1.0.GA/jboss-as-management-5.1.0.GA-jsr77-client.jar:/Users/mradules/.m2/repository/org/jboss/jbossas/jboss-as-cluster/5.1.0.GA/jboss-as-cluster-5.1.0.GA.jar:/Users/mradules/.m2/repository/org/jboss/logging/jboss-logging-jdk/2.1.0.GA/jboss-logging-jdk-2.1.0.GA.jar:/Users/mradules/.m2/repository/org/jboss/jbossas/jboss-as-main/5.1.0.GA/jboss-as-main-5.1.0.GA-client.jar:/Users/mradules/.m2/repository/jboss/messaging/jboss-messaging/1.4.3.GA/jboss-messaging-1.4.3.GA.jar:/Users/mradules/.m2/repository/org/jboss/jbossas/jboss-as-system/5.1.0.GA/jboss-as-system-5.1.0.GA-client.jar:/Users/mradules/.m2/repository/org/jboss/jbossas/jboss-as-system-jmx/5.1.0.GA/jboss-as-system-jmx-5.1.0.GA-client.jar:/Users/mradules/.m2/repository/org/jboss/jbossas/jboss-as-server/5.1.0.GA/jboss-as-server-5.1.0.GA-jmx-invoker-adaptor-client.jar:/Users/mradules/.m2/repository/org/jboss/slf4j/slf4j-jboss-logging/1.0.2.GA/slf4j-jboss-logging-1.0.2.GA.jar:"/>
    <property name="java.specification.name" value="Java Platform API Specification"/>
    <property name="java.class.version" value="50.0"/>
    <property name="sun.management.compiler" value="HotSpot 64-Bit Server Compiler"/>
    <property name="os.version" value="10.6.5"/>
    <property name="user.home" value="/Users/mradules"/>
    <property name="user.timezone" value="Europe/Vienna"/>
    <property name="java.awt.printerjob" value="apple.awt.CPrinterJob"/>
    <property name="java.specification.version" value="1.6"/>
    <property name="file.encoding" value="MacRoman"/>
    <property name="user.name" value="mradules"/>
    <property name="java.class.path" value="/Volumes/Data/lab0/iiiiiCardea/phrs/ehkmt-integration/phrs-modules/security/target/test-classes:/Volumes/Data/lab0/iiiiiCardea/phrs/ehkmt-integration/phrs-modules/security/target/classes:/Users/mradules/.m2/repository/junit/junit/4.8.2/junit-4.8.2.jar:/Users/mradules/.m2/repository/org/slf4j/slf4j-api/1.6.1/slf4j-api-1.6.1.jar:/Users/mradules/.m2/repository/org/slf4j/slf4j-log4j12/1.6.1/slf4j-log4j12-1.6.1.jar:/Users/mradules/.m2/repository/log4j/log4j/1.2.16/log4j-1.2.16.jar:/Users/mradules/.m2/repository/org/jboss/shrinkwrap/shrinkwrap-api/1.0.0-alpha-11/shrinkwrap-api-1.0.0-alpha-11.jar:/Users/mradules/.m2/repository/org/jboss/shrinkwrap/shrinkwrap-spi/1.0.0-alpha-11/shrinkwrap-spi-1.0.0-alpha-11.jar:/Users/mradules/.m2/repository/org/jboss/shrinkwrap/shrinkwrap-impl-base/1.0.0-alpha-11/shrinkwrap-impl-base-1.0.0-alpha-11.jar:/Users/mradules/.m2/repository/org/jboss/arquillian/arquillian-junit/1.0.0.Alpha4/arquillian-junit-1.0.0.Alpha4.jar:/Users/mradules/.m2/repository/org/jboss/arquillian/arquillian-impl-base/1.0.0.Alpha4/arquillian-impl-base-1.0.0.Alpha4.jar:/Users/mradules/.m2/repository/org/jboss/arquillian/arquillian-api/1.0.0.Alpha4/arquillian-api-1.0.0.Alpha4.jar:/Users/mradules/.m2/repository/org/jboss/arquillian/arquillian-spi/1.0.0.Alpha4/arquillian-spi-1.0.0.Alpha4.jar:/Users/mradules/.m2/repository/org/jboss/arquillian/container/arquillian-jbossas-remote-5.1/1.0.0.Alpha4/arquillian-jbossas-remote-5.1-1.0.0.Alpha4.jar:/Users/mradules/.m2/repository/org/jboss/arquillian/protocol/arquillian-protocol-servlet-2.5/1.0.0.Alpha4/arquillian-protocol-servlet-2.5-1.0.0.Alpha4.jar:/Users/mradules/.m2/repository/org/jboss/arquillian/testenricher/arquillian-testenricher-ejb/1.0.0.Alpha4/arquillian-testenricher-ejb-1.0.0.Alpha4.jar:/Users/mradules/.m2/repository/org/jboss/arquillian/testenricher/arquillian-testenricher-resource/1.0.0.Alpha4/arquillian-testenricher-resource-1.0.0.Alpha4.jar:/Users/mradules/.m2/repository/commons-logging/commons-logging/1.1.0.jboss/commons-logging-1.1.0.jboss.jar:/Users/mradules/.m2/repository/oswego-concurrent/concurrent/1.3.4-jboss-update1/concurrent-1.3.4-jboss-update1.jar:/Users/mradules/.m2/repository/org/hibernate/ejb3-persistence/1.0.2.GA/ejb3-persistence-1.0.2.GA.jar:/Users/mradules/.m2/repository/org/hibernate/hibernate-annotations/3.4.0.GA/hibernate-annotations-3.4.0.GA.jar:/Users/mradules/.m2/repository/org/hibernate/hibernate-commons-annotations/3.1.0.GA/hibernate-commons-annotations-3.1.0.GA.jar:/Users/mradules/.m2/repository/org/hibernate/hibernate-core/3.3.0.SP1/hibernate-core-3.3.0.SP1.jar:/Users/mradules/.m2/repository/antlr/antlr/2.7.6/antlr-2.7.6.jar:/Users/mradules/.m2/repository/commons-collections/commons-collections/3.1/commons-collections-3.1.jar:/Users/mradules/.m2/repository/dom4j/dom4j/1.6.1/dom4j-1.6.1.jar:/Users/mradules/.m2/repository/xml-apis/xml-apis/1.0.b2/xml-apis-1.0.b2.jar:/Users/mradules/.m2/repository/javax/transaction/jta/1.1/jta-1.1.jar:/Users/mradules/.m2/repository/org/jboss/aop/jboss-aop/2.1.1.GA/jboss-aop-2.1.1.GA-client.jar:/Users/mradules/.m2/repository/apache-xerces/xml-apis/2.9.1/xml-apis-2.9.1.jar:/Users/mradules/.m2/repository/org/apache/ant/ant/1.7.0/ant-1.7.0.jar:/Users/mradules/.m2/repository/org/apache/ant/ant-launcher/1.7.0/ant-launcher-1.7.0.jar:/Users/mradules/.m2/repository/javassist/javassist/3.10.0.GA/javassist-3.10.0.GA.jar:/Users/mradules/.m2/repository/org/jboss/jboss-reflect/2.0.2.GA/jboss-reflect-2.0.2.GA.jar:/Users/mradules/.m2/repository/org/jboss/logging/jboss-logging-spi/2.1.0.GA/jboss-logging-spi-2.1.0.GA.jar:/Users/mradules/.m2/repository/org/jboss/jboss-common-core/2.2.14.GA/jboss-common-core-2.2.14.GA.jar:/Users/mradules/.m2/repository/org/jboss/jboss-mdr/2.0.1.GA/jboss-mdr-2.0.1.GA.jar:/Users/mradules/.m2/repository/qdox/qdox/1.6.1/qdox-1.6.1.jar:/Users/mradules/.m2/repository/trove/trove/2.1.1/trove-2.1.1.jar:/Users/mradules/.m2/repository/org/jboss/logging/jboss-logging-log4j/2.1.0.GA/jboss-logging-log4j-2.1.0.GA.jar:/Users/mradules/.m2/repository/org/jboss/jbossas/jboss-as-ejb3/5.1.0.GA/jboss-as-ejb3-5.1.0.GA-client.jar:/Users/mradules/.m2/repository/cglib/cglib/2.1.3/cglib-2.1.3.jar:/Users/mradules/.m2/repository/jacorb/jacorb/2.3.0jboss.patch6-brew/jacorb-2.3.0jboss.patch6-brew.jar:/Users/mradules/.m2/repository/org/jboss/remoting/jboss-remoting/2.5.1/jboss-remoting-2.5.1.jar:/Users/mradules/.m2/repository/org/hibernate/hibernate-entitymanager/3.4.0.GA/hibernate-entitymanager-3.4.0.GA.jar:/Users/mradules/.m2/repository/org/jboss/jboss-vfs/2.1.2.GA/jboss-vfs-2.1.2.GA.jar:/Users/mradules/.m2/repository/org/jboss/jbossxb/2.0.1.GA/jbossxb-2.0.1.GA.jar:/Users/mradules/.m2/repository/apache-xerces/xercesImpl/2.9.1/xercesImpl-2.9.1.jar:/Users/mradules/.m2/repository/wutka-dtdparser/dtdparser121/1.2.1/dtdparser121-1.2.1.jar:/Users/mradules/.m2/repository/javax/activation/activation/1.1.1/activation-1.1.1.jar:/Users/mradules/.m2/repository/sun-jaxb/jaxb-api/2.1.9-brew/jaxb-api-2.1.9-brew.jar:/Users/mradules/.m2/repository/org/jboss/cluster/jboss-ha-client/1.1.1.GA/jboss-ha-client-1.1.1.GA.jar:/Users/mradules/.m2/repository/org/jboss/ejb3/jboss-ejb3-as-int/1.1.5/jboss-ejb3-as-int-1.1.5.jar:/Users/mradules/.m2/repository/org/jboss/ejb3/jboss-ejb3-core/1.1.5/jboss-ejb3-core-1.1.5.jar:/Users/mradules/.m2/repository/org/jboss/integration/jboss-jca-spi/5.0.3.GA/jboss-jca-spi-5.0.3.GA.jar:/Users/mradules/.m2/repository/org/jboss/javaee/jboss-jca-api/1.5.0.GA/jboss-jca-api-1.5.0.GA.jar:/Users/mradules/.m2/repository/org/jboss/metadata/jboss-metadata/1.0.1.GA/jboss-metadata-1.0.1.GA.jar:/Users/mradules/.m2/repository/org/jboss/ejb3/jboss-ejb3-ext-api/1.0.0/jboss-ejb3-ext-api-1.0.0.jar:/Users/mradules/.m2/repository/org/jboss/javaee/jboss-ejb-api/3.0.0.GA/jboss-ejb-api-3.0.0.GA.jar:/Users/mradules/.m2/repository/org/jboss/javaee/jboss-transaction-api/1.0.1.GA/jboss-transaction-api-1.0.1.GA.jar:/Users/mradules/.m2/repository/org/jboss/ws/native/jbossws-native-jaxrpc/3.0.4.GA/jbossws-native-jaxrpc-3.0.4.GA.jar:/Users/mradules/.m2/repository/org/jboss/ws/native/jbossws-native-saaj/3.1.2.GA/jbossws-native-saaj-3.1.2.GA.jar:/Users/mradules/.m2/repository/org/jboss/javaee/jboss-jms-api/1.1.0.GA/jboss-jms-api-1.1.0.GA.jar:/Users/mradules/.m2/repository/org/jboss/ws/jbossws-spi/1.0.3.GA/jbossws-spi-1.0.3.GA.jar:/Users/mradules/.m2/repository/gnu-getopt/getopt/1.0.12-brew/getopt-1.0.12-brew.jar:/Users/mradules/.m2/repository/org/jboss/cache/jbosscache-core/3.1.0.GA/jbosscache-core-3.1.0.GA.jar:/Users/mradules/.m2/repository/jgroups/jgroups/2.6.10.GA/jgroups-2.6.10.GA.jar:/Users/mradules/.m2/repository/org/jboss/aspects/jboss-remoting-aspects/1.0.2/jboss-remoting-aspects-1.0.2.jar:/Users/mradules/.m2/repository/jboss/jboss-serialization/1.0.3.GA/jboss-serialization-1.0.3.GA.jar:/Users/mradules/.m2/repository/org/jboss/aspects/jboss-transaction-aspects/1.0.0.GA/jboss-transaction-aspects-1.0.0.GA.jar:/Users/mradules/.m2/repository/org/jboss/integration/jboss-transaction-spi/5.1.0.GA/jboss-transaction-spi-5.1.0.GA.jar:/Users/mradules/.m2/repository/org/jboss/aspects/jboss-security-aspects/1.0.0.GA/jboss-security-aspects-1.0.0.GA.jar:/Users/mradules/.m2/repository/org/jboss/microcontainer/jboss-kernel/2.0.6.GA/jboss-kernel-2.0.6.GA.jar:/Users/mradules/.m2/repository/org/jboss/microcontainer/jboss-dependency/2.0.6.GA/jboss-dependency-2.0.6.GA.jar:/Users/mradules/.m2/repository/org/jboss/security/jboss-security-spi/2.0.3.SP1/jboss-security-spi-2.0.3.SP1.jar:/Users/mradules/.m2/repository/org/jboss/security/jbosssx/2.0.3.SP1/jbosssx-2.0.3.SP1.jar:/Users/mradules/.m2/repository/org/jboss/javaee/jboss-jaspi-api/1.0.0.GA/jboss-jaspi-api-1.0.0.GA.jar:/Users/mradules/.m2/repository/javax/security/jacc/1.0/jacc-1.0.jar:/Users/mradules/.m2/repository/org/jboss/cluster/jboss-ha-server-api/1.1.1.GA/jboss-ha-server-api-1.1.1.GA.jar:/Users/mradules/.m2/repository/org/jboss/ejb3/jboss-ejb3-cache/1.0.0/jboss-ejb3-cache-1.0.0.jar:/Users/mradules/.m2/repository/org/jboss/ejb3/jboss-ejb3-common/1.0.0/jboss-ejb3-common-1.0.0.jar:/Users/mradules/.m2/repository/org/jboss/deployers/jboss-deployers-spi/2.0.7.GA/jboss-deployers-spi-2.0.7.GA.jar:/Users/mradules/.m2/repository/org/jboss/deployers/jboss-deployers-structure-spi/2.0.7.GA/jboss-deployers-structure-spi-2.0.7.GA.jar:/Users/mradules/.m2/repository/org/jboss/deployers/jboss-deployers-client-spi/2.0.7.GA/jboss-deployers-client-spi-2.0.7.GA.jar:/Users/mradules/.m2/repository/org/jboss/deployers/jboss-deployers-core-spi/2.0.7.GA/jboss-deployers-core-spi-2.0.7.GA.jar:/Users/mradules/.m2/repository/org/jboss/man/jboss-managed/2.1.0.CR8/jboss-managed-2.1.0.CR8.jar:/Users/mradules/.m2/repository/org/jboss/man/jboss-metatype/2.1.0.SP1/jboss-metatype-2.1.0.SP1.jar:/Users/mradules/.m2/repository/org/jboss/integration/jboss-classloading-spi/5.1.0.GA/jboss-classloading-spi-5.1.0.GA.jar:/Users/mradules/.m2/repository/org/jboss/ejb3/jboss-ejb3-endpoint/0.1.0/jboss-ejb3-endpoint-0.1.0.jar:/Users/mradules/.m2/repository/org/jboss/ejb3/jboss-ejb3-security/1.0.0/jboss-ejb3-security-1.0.0.jar:/Users/mradules/.m2/repository/org/jboss/aspects/jboss-current-invocation-aspects/1.0.0.CR1/jboss-current-invocation-aspects-1.0.0.CR1.jar:/Users/mradules/.m2/repository/org/jboss/ejb3/jboss-ejb3-interceptors/1.0.2/jboss-ejb3-interceptors-1.0.2.jar:/Users/mradules/.m2/repository/org/jboss/ejb3/jboss-ejb3-metadata/1.0.0/jboss-ejb3-metadata-1.0.0.jar:/Users/mradules/.m2/repository/org/jboss/javaee/jboss-jacc-api/1.1.0.GA_SP1/jboss-jacc-api-1.1.0.GA_SP1.jar:/Users/mradules/.m2/repository/org/jboss/ejb3/jboss-ejb3-ext-api-impl/1.0.0/jboss-ejb3-ext-api-impl-1.0.0.jar:/Users/mradules/.m2/repository/org/jboss/ejb3/jboss-ejb3-timerservice-spi/1.0.0/jboss-ejb3-timerservice-spi-1.0.0.jar:/Users/mradules/.m2/repository/org/jboss/ejb3/jboss-ejb3-proxy-impl/1.0.2/jboss-ejb3-proxy-impl-1.0.2.jar:/Users/mradules/.m2/repository/org/jboss/ejb3/jboss-ejb3-proxy-spi/1.0.0/jboss-ejb3-proxy-spi-1.0.0.jar:/Users/mradules/.m2/repository/org/jboss/naming/jnpserver/5.0.3.GA/jnpserver-5.0.3.GA.jar:/Users/mradules/.m2/repository/org/jboss/ejb3/jboss-ejb3-proxy-clustered/1.0.1/jboss-ejb3-proxy-clustered-1.0.1.jar:/Users/mradules/.m2/repository/org/jboss/ejb3/jboss-ejb3-transactions/1.0.0/jboss-ejb3-transactions-1.0.0.jar:/Users/mradules/.m2/repository/org/jboss/deployers/jboss-deployers-vfs/2.0.7.GA/jboss-deployers-vfs-2.0.7.GA.jar:/Users/mradules/.m2/repository/org/jboss/deployers/jboss-deployers-vfs-spi/2.0.7.GA/jboss-deployers-vfs-spi-2.0.7.GA.jar:/Users/mradules/.m2/repository/org/jboss/cl/jboss-classloading/2.0.6.GA/jboss-classloading-2.0.6.GA.jar:/Users/mradules/.m2/repository/org/jboss/cl/jboss-classloader/2.0.6.GA/jboss-classloader-2.0.6.GA.jar:/Users/mradules/.m2/repository/stax/stax-api/1.0/stax-api-1.0.jar:/Users/mradules/.m2/repository/org/jboss/cl/jboss-classloading-vfs/2.0.6.GA/jboss-classloading-vfs-2.0.6.GA.jar:/Users/mradules/.m2/repository/org/jboss/deployers/jboss-deployers-core/2.0.7.GA/jboss-deployers-core-2.0.7.GA.jar:/Users/mradules/.m2/repository/org/jboss/deployers/jboss-deployers-client/2.0.7.GA/jboss-deployers-client-2.0.7.GA.jar:/Users/mradules/.m2/repository/org/jboss/deployers/jboss-deployers-impl/2.0.7.GA/jboss-deployers-impl-2.0.7.GA.jar:/Users/mradules/.m2/repository/org/jboss/jpa/jboss-jpa-deployers/1.0.0/jboss-jpa-deployers-1.0.0.jar:/Users/mradules/.m2/repository/org/jboss/microcontainer/jboss-aop-mc-int/2.0.6.GA/jboss-aop-mc-int-2.0.6.GA.jar:/Users/mradules/.m2/repository/quartz/quartz/1.6.0/quartz-1.6.0.jar:/Users/mradules/.m2/repository/sun-jaxws/jaxws-api/2.1.1/jaxws-api-2.1.1.jar:/Users/mradules/.m2/repository/sun-jaxws/jsr181-api/2.1.1/jsr181-api-2.1.1.jar:/Users/mradules/.m2/repository/org/jboss/ejb3/jboss-ejb3-deployers/1.0.0/jboss-ejb3-deployers-1.0.0.jar:/Users/mradules/.m2/repository/org/jboss/ejb3/jboss-ejb3-mc-int/1.0.1/jboss-ejb3-mc-int-1.0.1.jar:/Users/mradules/.m2/repository/org/jboss/ejb3/jboss-ejb3-core/1.1.5/jboss-ejb3-core-1.1.5-client.jar:/Users/mradules/.m2/repository/org/jboss/jbossas/jboss-as-connector/5.1.0.GA/jboss-as-connector-5.1.0.GA.jar:/Users/mradules/.m2/repository/org/jboss/jbossas/jboss-as-server/5.1.0.GA/jboss-as-server-5.1.0.GA.jar:/Users/mradules/.m2/repository/org/jboss/jbossas/jboss-as-deployment/5.1.0.GA/jboss-as-deployment-5.1.0.GA.jar:/Users/mradules/.m2/repository/javax/security/jaas/1.0.01/jaas-1.0.01.jar:/Users/mradules/.m2/repository/org/jboss/javaee/jboss-jad-api/1.2.0.GA/jboss-jad-api-1.2.0.GA.jar:/Users/mradules/.m2/repository/org/jboss/security/jbosssx-client/2.0.3.SP1/jbosssx-client-2.0.3.SP1.jar:/Users/mradules/.m2/repository/jpl-pattern/jpl-pattern/1.0/jpl-pattern-1.0.jar:/Users/mradules/.m2/repository/jpl-util/jpl-util/1.0/jpl-util-1.0.jar:/Users/mradules/.m2/repository/org/jboss/jbossas/jboss-as-j2se/5.1.0.GA/jboss-as-j2se-5.1.0.GA.jar:/Users/mradules/.m2/repository/org/jboss/naming/jnp-client/5.0.3.GA/jnp-client-5.0.3.GA.jar:/Users/mradules/.m2/repository/org/jboss/jbossas/jboss-as-security/5.1.0.GA/jboss-as-security-5.1.0.GA.jar:/Users/mradules/.m2/repository/org/jboss/jbossas/jboss-as-system-jmx/5.1.0.GA/jboss-as-system-jmx-5.1.0.GA.jar:/Users/mradules/.m2/repository/org/jboss/bootstrap/jboss-bootstrap/1.0.0-Beta-3/jboss-bootstrap-1.0.0-Beta-3.jar:/Users/mradules/.m2/repository/org/jboss/jbossas/jboss-as-system/5.1.0.GA/jboss-as-system-5.1.0.GA.jar:/Users/mradules/.m2/repository/org/jboss/aop/jboss-aop/2.1.1.GA/jboss-aop-2.1.1.GA.jar:/Users/mradules/.m2/repository/org/jboss/integration/jboss-profileservice-spi/5.1.0.GA/jboss-profileservice-spi-5.1.0.GA.jar:/Users/mradules/.m2/repository/org/jboss/jbossas/jboss-as-jmx/5.1.0.GA/jboss-as-jmx-5.1.0.GA.jar:/Users/mradules/.m2/repository/org/jboss/jbossas/jboss-as-j2se/5.1.0.GA/jboss-as-j2se-5.1.0.GA-tests.jar:/Users/mradules/.m2/repository/org/jboss/jbossas/jboss-as-mbeans/5.1.0.GA/jboss-as-mbeans-5.1.0.GA.jar:/Users/mradules/.m2/repository/bcel/bcel/5.1/bcel-5.1.jar:/Users/mradules/.m2/repository/org/jboss/test/jboss-test/1.1.4.GA/jboss-test-1.1.4.GA.jar:/Users/mradules/.m2/repository/org/apache/ant/ant-junit/1.7.0/ant-junit-1.7.0.jar:/Users/mradules/.m2/repository/jboss/profiler/jvmti/jboss-profiler-jvmti/1.0.0.CR5/jboss-profiler-jvmti-1.0.0.CR5.jar:/Users/mradules/.m2/repository/org/jboss/jbossas/jboss-server-manager/1.0.2.GA/jboss-server-manager-1.0.2.GA.jar:/Users/mradules/.m2/repository/org/jboss/security/jbossxacml/2.0.3/jbossxacml-2.0.3.jar:/Users/mradules/.m2/repository/org/apache/xmlsec/1.4.2/xmlsec-1.4.2.jar:/Users/mradules/.m2/repository/org/jboss/integration/jboss-deployment-spi/5.1.0.GA/jboss-deployment-spi-5.1.0.GA.jar:/Users/mradules/.m2/repository/org/jboss/ws/native/jbossws-native-jaxws/3.1.2.GA/jbossws-native-jaxws-3.1.2.GA.jar:/Users/mradules/.m2/repository/org/jboss/jbossas/jboss-as-profileservice/5.1.0.GA/jboss-as-profileservice-5.1.0.GA.jar:/Users/mradules/.m2/repository/org/jboss/jbossas/jboss-as-aspects/5.1.0.GA/jboss-as-aspects-5.1.0.GA.jar:/Users/mradules/.m2/repository/org/jboss/aop/jboss-aop-aspects/2.1.1.GA/jboss-aop-aspects-2.1.1.GA.jar:/Users/mradules/.m2/repository/org/beanshell/bsh/1.3.0/bsh-1.3.0.jar:/Users/mradules/.m2/repository/org/jboss/aop/jboss-aop-asintegration-core/2.1.1.GA/jboss-aop-asintegration-core-2.1.1.GA.jar:/Users/mradules/.m2/repository/org/jboss/aop/pluggable-instrumentor/2.1.1.GA/pluggable-instrumentor-2.1.1.GA.jar:/Users/mradules/.m2/repository/org/jboss/aop/jboss-aop-asintegration-jmx/2.1.1.GA/jboss-aop-asintegration-jmx-2.1.1.GA.jar:/Users/mradules/.m2/repository/org/jboss/aop/jboss-aop-asintegration-mc/2.1.1.GA/jboss-aop-asintegration-mc-2.1.1.GA.jar:/Users/mradules/.m2/repository/javax/mail/mail/1.4/mail-1.4.jar:/Users/mradules/.m2/repository/org/jboss/integration/jboss-integration/5.1.0.GA/jboss-integration-5.1.0.GA.jar:/Users/mradules/.m2/repository/org/jboss/jbossas/jboss-as-main/5.1.0.GA/jboss-as-main-5.1.0.GA.jar:/Users/mradules/.m2/repository/org/jboss/logbridge/jboss-logbridge/1.0.0.GA/jboss-logbridge-1.0.0.GA.jar:/Users/mradules/.m2/repository/org/jboss/logmanager/jboss-logmanager/1.0.0.GA/jboss-logmanager-1.0.0.GA.jar:/Users/mradules/.m2/repository/org/jboss/jbossas/jboss-as-iiop/5.1.0.GA/jboss-as-iiop-5.1.0.GA.jar:/Users/mradules/.m2/repository/apache-avalon/avalon-framework/4.1.5/avalon-framework-4.1.5.jar:/Users/mradules/.m2/repository/org/jboss/integration/jboss-corba-ots-spi/5.1.0.GA/jboss-corba-ots-spi-5.1.0.GA.jar:/Users/mradules/.m2/repository/org/jboss/jbossas/jboss-as-server/5.1.0.GA/jboss-as-server-5.1.0.GA-client.jar:/Users/mradules/.m2/repository/jboss/jbossws/jboss-jaxws/3.0.1-native-2.0.4.GA/jboss-jaxws-3.0.1-native-2.0.4.GA.jar:/Users/mradules/.m2/repository/jboss/web/servlet-api/2.1.1.GA/servlet-api-2.1.1.GA.jar:/Users/mradules/.m2/repository/org/jboss/ejb3/jboss-ejb3-common/1.0.0/jboss-ejb3-common-1.0.0-client.jar:/Users/mradules/.m2/repository/org/jboss/ejb3/jboss-ejb3-proxy-clustered/1.0.1/jboss-ejb3-proxy-clustered-1.0.1-client.jar:/Users/mradules/.m2/repository/org/jboss/ejb3/jboss-ejb3-proxy-impl/1.0.2/jboss-ejb3-proxy-impl-1.0.2-client.jar:/Users/mradules/.m2/repository/org/jboss/ejb3/jboss-ejb3-proxy-spi/1.0.0/jboss-ejb3-proxy-spi-1.0.0-client.jar:/Users/mradules/.m2/repository/org/jboss/ejb3/jboss-ejb3-security/1.0.0/jboss-ejb3-security-1.0.0-client.jar:/Users/mradules/.m2/repository/org/jboss/jbossas/jboss-as-cluster/5.1.0.GA/jboss-as-cluster-5.1.0.GA-jboss-ha-legacy-client.jar:/Users/mradules/.m2/repository/org/jboss/cluster/jboss-ha-server-cache-spi/2.0.0.GA/jboss-ha-server-cache-spi-2.0.0.GA.jar:/Users/mradules/.m2/repository/org/jboss/cluster/jboss-ha-server-cache-jbc/2.0.0.GA/jboss-ha-server-cache-jbc-2.0.0.GA.jar:/Users/mradules/.m2/repository/org/jboss/jbossas/jboss-as-iiop/5.1.0.GA/jboss-as-iiop-5.1.0.GA-client.jar:/Users/mradules/.m2/repository/org/jboss/javaee/jboss-javaee/5.0.1.GA/jboss-javaee-5.0.1.GA.jar:/Users/mradules/.m2/repository/org/jboss/jbossas/jboss-as-management/5.1.0.GA/jboss-as-management-5.1.0.GA-jsr77-client.jar:/Users/mradules/.m2/repository/org/jboss/jbossas/jboss-as-cluster/5.1.0.GA/jboss-as-cluster-5.1.0.GA.jar:/Users/mradules/.m2/repository/org/jboss/logging/jboss-logging-jdk/2.1.0.GA/jboss-logging-jdk-2.1.0.GA.jar:/Users/mradules/.m2/repository/org/jboss/jbossas/jboss-as-main/5.1.0.GA/jboss-as-main-5.1.0.GA-client.jar:/Users/mradules/.m2/repository/jboss/messaging/jboss-messaging/1.4.3.GA/jboss-messaging-1.4.3.GA.jar:/Users/mradules/.m2/repository/org/jboss/jbossas/jboss-as-system/5.1.0.GA/jboss-as-system-5.1.0.GA-client.jar:/Users/mradules/.m2/repository/org/jboss/jbossas/jboss-as-system-jmx/5.1.0.GA/jboss-as-system-jmx-5.1.0.GA-client.jar:/Users/mradules/.m2/repository/org/jboss/jbossas/jboss-as-server/5.1.0.GA/jboss-as-server-5.1.0.GA-jmx-invoker-adaptor-client.jar:/Users/mradules/.m2/repository/org/jboss/slf4j/slf4j-jboss-logging/1.0.2.GA/slf4j-jboss-logging-1.0.2.GA.jar:"/>
    <property name="jboss.remoting.version" value="22"/>
    <property name="java.vm.specification.version" value="1.0"/>
    <property name="sun.arch.data.model" value="64"/>
    <property name="java.home" value="/System/Library/Java/JavaVirtualMachines/1.6.0.jdk/Contents/Home"/>
    <property name="java.specification.vendor" value="Sun Microsystems Inc."/>
    <property name="user.language" value="en"/>
    <property name="awt.toolkit" value="apple.awt.CToolkit"/>
    <property name="java.vm.info" value="mixed mode"/>
    <property name="java.version" value="1.6.0_22"/>
    <property name="java.ext.dirs" value="/Library/Java/Extensions:/System/Library/Java/Extensions:/System/Library/Java/JavaVirtualMachines/1.6.0.jdk/Contents/Home/lib/ext"/>
    <property name="sun.boot.class.path" value="/System/Library/Java/JavaVirtualMachines/1.6.0.jdk/Contents/Classes/jsfd.jar:/System/Library/Java/JavaVirtualMachines/1.6.0.jdk/Contents/Classes/classes.jar:/System/Library/Frameworks/JavaVM.framework/Frameworks/JavaRuntimeSupport.framework/Resources/Java/JavaRuntimeSupport.jar:/System/Library/Java/JavaVirtualMachines/1.6.0.jdk/Contents/Classes/ui.jar:/System/Library/Java/JavaVirtualMachines/1.6.0.jdk/Contents/Classes/laf.jar:/System/Library/Java/JavaVirtualMachines/1.6.0.jdk/Contents/Classes/sunrsasign.jar:/System/Library/Java/JavaVirtualMachines/1.6.0.jdk/Contents/Classes/jsse.jar:/System/Library/Java/JavaVirtualMachines/1.6.0.jdk/Contents/Classes/jce.jar:/System/Library/Java/JavaVirtualMachines/1.6.0.jdk/Contents/Classes/charsets.jar"/>
    <property name="java.vendor" value="Apple Inc."/>
    <property name="localRepository" value="/Users/mradules/.m2/repository"/>
    <property name="file.separator" value="/"/>
    <property name="java.vendor.url.bug" value="http://bugreport.apple.com/"/>
    <property name="sun.cpu.endian" value="little"/>
    <property name="sun.io.unicode.encoding" value="UnicodeLittle"/>
    <property name="mrj.version" value="1060.1.6.0_22-307"/>
    <property name="sun.cpu.isalist" value=""/>
  </properties>
  <testcase time="0.003" classname="at.srfg.kmt.ehealth.phrs.AppTest" name="testApp"/>
</testsuite>