<?xml version="1.0" encoding="UTF-8" ?>
<testsuite failures="0" time="0.029" errors="0" skipped="0" tests="1" name="at.srfg.kmt.ehealth.phrs.AppTest">
  <properties>
    <property name="java.runtime.name" value="Java(TM) SE Runtime Environment"/>
    <property name="sun.boot.library.path" value="/System/Library/Java/JavaVirtualMachines/1.6.0.jdk/Contents/Libraries"/>
    <property name="java.vm.version" value="17.1-b03-307"/>
    <property name="awt.nativeDoubleBuffering" value="true"/>
    <property name="gopherProxySet" value="false"/>
    <property name="mrj.build" value="10M3261"/>
    <property name="java.vm.vendor" value="Apple Inc."/>
    <property name="java.vendor.url" value="http://www.apple.com/"/>
    <property name="path.separator" value=":"/>
    <property name="java.vm.name" value="Java HotSpot(TM) 64-Bit Server VM"/>
    <property name="file.encoding.pkg" value="sun.io"/>
    <property name="user.country" value="US"/>
    <property name="sun.java.launcher" value="SUN_STANDARD"/>
    <property name="sun.os.patch.level" value="unknown"/>
    <property name="java.vm.specification.name" value="Java Virtual Machine Specification"/>
    <property name="user.dir" value="/Volumes/Data/lab0/iiiiiCardea/phrs/ehkmt-integration/phrs-modules/security"/>
    <property name="java.runtime.version" value="1.6.0_22-b04-307-10M3261"/>
    <property name="java.awt.graphicsenv" value="apple.awt.CGraphicsEnvironment"/>
    <property name="basedir" value="/Volumes/Data/lab0/iiiiiCardea/phrs/ehkmt-integration/phrs-modules/security"/>
    <property name="java.endorsed.dirs" value="/System/Library/Java/JavaVirtualMachines/1.6.0.jdk/Contents/Home/lib/endorsed"/>
    <property name="os.arch" value="x86_64"/>
    <property name="surefire.real.class.path" value="/var/folders/lu/lu9No3cZG-ewyEzsQ1Mbr+++03U/-Tmp-/surefirebooter3915496248771329419.jar"/>
    <property name="java.io.tmpdir" value="/var/folders/lu/lu9No3cZG-ewyEzsQ1Mbr+++03U/-Tmp-/"/>
    <property name="line.separator" value="
"/>
    <property name="java.vm.specification.vendor" value="Sun Microsystems Inc."/>
    <property name="os.name" value="Mac OS X"/>
    <property name="sun.jnu.encoding" value="MacRoman"/>
    <property name="java.library.path" value=".:/Library/Java/Extensions:/System/Library/Java/Extensions:/usr/lib/java"/>
    <property name="surefire.test.class.path" value="/Volumes/Data/lab0/iiiiiCardea/phrs/ehkmt-integration/phrs-modules/security/target/test-classes:/Volumes/Data/lab0/iiiiiCardea/phrs/ehkmt-integration/phrs-modules/security/target/classes:/Users/mradules/.m2/repository/junit/junit/4.8.2/junit-4.8.2.jar:/Users/mradules/.m2/repository/org/slf4j/slf4j-api/1.6.1/slf4j-api-1.6.1.jar:/Users/mradules/.m2/repository/org/slf4j/slf4j-log4j12/1.6.1/slf4j-log4j12-1.6.1.jar:/Users/mradules/.m2/repository/log4j/log4j/1.2.16/log4j-1.2.16.jar:/Users/mradules/.m2/repository/org/hibernate/java-persistence/jpa-api/2.0-cr-1/jpa-api-2.0-cr-1.jar:/Users/mradules/.m2/repository/org/hibernate/hibernate-entitymanager/3.5.0-Beta-2/hibernate-entitymanager-3.5.0-Beta-2.jar:/Users/mradules/.m2/repository/org/hibernate/hibernate-core/3.5.0-Beta-2/hibernate-core-3.5.0-Beta-2.jar:/Users/mradules/.m2/repository/antlr/antlr/2.7.6/antlr-2.7.6.jar:/Users/mradules/.m2/repository/commons-collections/commons-collections/3.1/commons-collections-3.1.jar:/Users/mradules/.m2/repository/dom4j/dom4j/1.6.1/dom4j-1.6.1.jar:/Users/mradules/.m2/repository/xml-apis/xml-apis/1.0.b2/xml-apis-1.0.b2.jar:/Users/mradules/.m2/repository/javax/transaction/jta/1.1/jta-1.1.jar:/Users/mradules/.m2/repository/hsqldb/hsqldb/1.8.0.2/hsqldb-1.8.0.2.jar:/Users/mradules/.m2/repository/org/hibernate/hibernate-annotations/3.5.0-Beta-2/hibernate-annotations-3.5.0-Beta-2.jar:/Users/mradules/.m2/repository/org/hibernate/hibernate-commons-annotations/3.2.0.Beta1/hibernate-commons-annotations-3.2.0.Beta1.jar:/Users/mradules/.m2/repository/cglib/cglib/2.2/cglib-2.2.jar:/Users/mradules/.m2/repository/asm/asm/3.1/asm-3.1.jar:/Users/mradules/.m2/repository/javassist/javassist/3.9.0.GA/javassist-3.9.0.GA.jar:/Users/mradules/.m2/repository/javax/javaee-api/6.0/javaee-api-6.0.jar:"/>
    <property name="java.specification.name" value="Java Platform API Specification"/>
    <property name="java.class.version" value="50.0"/>
    <property name="sun.management.compiler" value="HotSpot 64-Bit Server Compiler"/>
    <property name="os.version" value="10.6.5"/>
    <property name="http.nonProxyHosts" value="local|*.local|169.254/16|*.169.254/16"/>
    <property name="user.home" value="/Users/mradules"/>
    <property name="user.timezone" value=""/>
    <property name="java.awt.printerjob" value="apple.awt.CPrinterJob"/>
    <property name="java.specification.version" value="1.6"/>
    <property name="file.encoding" value="MacRoman"/>
    <property name="user.name" value="mradules"/>
    <property name="java.class.path" value="/Volumes/Data/lab0/iiiiiCardea/phrs/ehkmt-integration/phrs-modules/security/target/test-classes:/Volumes/Data/lab0/iiiiiCardea/phrs/ehkmt-integration/phrs-modules/security/target/classes:/Users/mradules/.m2/repository/junit/junit/4.8.2/junit-4.8.2.jar:/Users/mradules/.m2/repository/org/slf4j/slf4j-api/1.6.1/slf4j-api-1.6.1.jar:/Users/mradules/.m2/repository/org/slf4j/slf4j-log4j12/1.6.1/slf4j-log4j12-1.6.1.jar:/Users/mradules/.m2/repository/log4j/log4j/1.2.16/log4j-1.2.16.jar:/Users/mradules/.m2/repository/org/hibernate/java-persistence/jpa-api/2.0-cr-1/jpa-api-2.0-cr-1.jar:/Users/mradules/.m2/repository/org/hibernate/hibernate-entitymanager/3.5.0-Beta-2/hibernate-entitymanager-3.5.0-Beta-2.jar:/Users/mradules/.m2/repository/org/hibernate/hibernate-core/3.5.0-Beta-2/hibernate-core-3.5.0-Beta-2.jar:/Users/mradules/.m2/repository/antlr/antlr/2.7.6/antlr-2.7.6.jar:/Users/mradules/.m2/repository/commons-collections/commons-collections/3.1/commons-collections-3.1.jar:/Users/mradules/.m2/repository/dom4j/dom4j/1.6.1/dom4j-1.6.1.jar:/Users/mradules/.m2/repository/xml-apis/xml-apis/1.0.b2/xml-apis-1.0.b2.jar:/Users/mradules/.m2/repository/javax/transaction/jta/1.1/jta-1.1.jar:/Users/mradules/.m2/repository/hsqldb/hsqldb/1.8.0.2/hsqldb-1.8.0.2.jar:/Users/mradules/.m2/repository/org/hibernate/hibernate-annotations/3.5.0-Beta-2/hibernate-annotations-3.5.0-Beta-2.jar:/Users/mradules/.m2/repository/org/hibernate/hibernate-commons-annotations/3.2.0.Beta1/hibernate-commons-annotations-3.2.0.Beta1.jar:/Users/mradules/.m2/repository/cglib/cglib/2.2/cglib-2.2.jar:/Users/mradules/.m2/repository/asm/asm/3.1/asm-3.1.jar:/Users/mradules/.m2/repository/javassist/javassist/3.9.0.GA/javassist-3.9.0.GA.jar:/Users/mradules/.m2/repository/javax/javaee-api/6.0/javaee-api-6.0.jar:"/>
    <property name="java.vm.specification.version" value="1.0"/>
    <property name="sun.arch.data.model" value="64"/>
    <property name="java.home" value="/System/Library/Java/JavaVirtualMachines/1.6.0.jdk/Contents/Home"/>
    <property name="java.specification.vendor" value="Sun Microsystems Inc."/>
    <property name="user.language" value="en"/>
    <property name="awt.toolkit" value="apple.awt.CToolkit"/>
    <property name="java.vm.info" value="mixed mode"/>
    <property name="java.version" value="1.6.0_22"/>
    <property name="java.ext.dirs" value="/Library/Java/Extensions:/System/Library/Java/Extensions:/System/Library/Java/JavaVirtualMachines/1.6.0.jdk/Contents/Home/lib/ext"/>
    <property name="sun.boot.class.path" value="/System/Library/Java/JavaVirtualMachines/1.6.0.jdk/Contents/Classes/jsfd.jar:/System/Library/Java/JavaVirtualMachines/1.6.0.jdk/Contents/Classes/classes.jar:/System/Library/Frameworks/JavaVM.framework/Frameworks/JavaRuntimeSupport.framework/Resources/Java/JavaRuntimeSupport.jar:/System/Library/Java/JavaVirtualMachines/1.6.0.jdk/Contents/Classes/ui.jar:/System/Library/Java/JavaVirtualMachines/1.6.0.jdk/Contents/Classes/laf.jar:/System/Library/Java/JavaVirtualMachines/1.6.0.jdk/Contents/Classes/sunrsasign.jar:/System/Library/Java/JavaVirtualMachines/1.6.0.jdk/Contents/Classes/jsse.jar:/System/Library/Java/JavaVirtualMachines/1.6.0.jdk/Contents/Classes/jce.jar:/System/Library/Java/JavaVirtualMachines/1.6.0.jdk/Contents/Classes/charsets.jar"/>
    <property name="java.vendor" value="Apple Inc."/>
    <property name="localRepository" value="/Users/mradules/.m2/repository"/>
    <property name="file.separator" value="/"/>
    <property name="java.vendor.url.bug" value="http://bugreport.apple.com/"/>
    <property name="sun.cpu.endian" value="little"/>
    <property name="sun.io.unicode.encoding" value="UnicodeLittle"/>
    <property name="mrj.version" value="1060.1.6.0_22-307"/>
    <property name="socksNonProxyHosts" value="local|*.local|169.254/16|*.169.254/16"/>
    <property name="ftp.nonProxyHosts" value="local|*.local|169.254/16|*.169.254/16"/>
    <property name="sun.cpu.isalist" value=""/>
  </properties>
  <testcase time="0.002" classname="at.srfg.kmt.ehealth.phrs.AppTest" name="testApp"/>
</testsuite>